2024-06-20 10:44:15,551 INFO     
Heat Source, Copyright (C) 2000-2019, Oregon Department of Environmental Quality

This program comes with ABSOLUTELY NO WARRANTY. Appropriate model 
use and application are the sole responsibility of the user. 
This is free software, and you are welcome to redistribute it under 
certain conditions described in the License.

Heat Source Version:  9.0.0b26

2024-06-20 10:44:15,551 INFO     Starting Model Initialization
2024-06-20 10:44:15,552 INFO     Reading control file
2024-06-20 10:44:15,579 INFO     Reading boundary conditions 1 745
2024-06-20 10:44:15,580 INFO     Reading boundary conditions 2 745
2024-06-20 10:44:15,580 INFO     Reading boundary conditions 3 745
2024-06-20 10:44:15,580 INFO     Reading boundary conditions 4 745
2024-06-20 10:44:15,581 INFO     Reading boundary conditions 5 745
2024-06-20 10:44:15,581 INFO     Reading boundary conditions 6 745
2024-06-20 10:44:15,581 INFO     Reading boundary conditions 7 745
2024-06-20 10:44:15,581 INFO     Reading boundary conditions 8 745
2024-06-20 10:44:15,581 INFO     Reading boundary conditions 9 745
2024-06-20 10:44:15,581 INFO     Reading boundary conditions 10 745
2024-06-20 10:44:15,581 INFO     Reading boundary conditions 11 745
2024-06-20 10:44:15,581 INFO     Reading boundary conditions 12 745
2024-06-20 10:44:15,582 INFO     Reading boundary conditions 13 745
2024-06-20 10:44:15,582 INFO     Reading boundary conditions 14 745
2024-06-20 10:44:15,582 INFO     Reading boundary conditions 15 745
2024-06-20 10:44:15,582 INFO     Reading boundary conditions 16 745
2024-06-20 10:44:15,583 INFO     Reading boundary conditions 17 745
2024-06-20 10:44:15,583 INFO     Reading boundary conditions 18 745
2024-06-20 10:44:15,583 INFO     Reading boundary conditions 19 745
2024-06-20 10:44:15,583 INFO     Reading boundary conditions 20 745
2024-06-20 10:44:15,583 INFO     Reading boundary conditions 21 745
2024-06-20 10:44:15,583 INFO     Reading boundary conditions 22 745
2024-06-20 10:44:15,583 INFO     Reading boundary conditions 23 745
2024-06-20 10:44:15,584 INFO     Reading boundary conditions 24 745
2024-06-20 10:44:15,584 INFO     Reading boundary conditions 25 745
2024-06-20 10:44:15,584 INFO     Reading boundary conditions 26 745
2024-06-20 10:44:15,585 INFO     Reading boundary conditions 27 745
2024-06-20 10:44:15,585 INFO     Reading boundary conditions 28 745
2024-06-20 10:44:15,585 INFO     Reading boundary conditions 29 745
2024-06-20 10:44:15,585 INFO     Reading boundary conditions 30 745
2024-06-20 10:44:15,585 INFO     Reading boundary conditions 31 745
2024-06-20 10:44:15,585 INFO     Reading boundary conditions 32 745
2024-06-20 10:44:15,585 INFO     Reading boundary conditions 33 745
2024-06-20 10:44:15,585 INFO     Reading boundary conditions 34 745
2024-06-20 10:44:15,585 INFO     Reading boundary conditions 35 745
2024-06-20 10:44:15,586 INFO     Reading boundary conditions 36 745
2024-06-20 10:44:15,586 INFO     Reading boundary conditions 37 745
2024-06-20 10:44:15,586 INFO     Reading boundary conditions 38 745
2024-06-20 10:44:15,586 INFO     Reading boundary conditions 39 745
2024-06-20 10:44:15,586 INFO     Reading boundary conditions 40 745
2024-06-20 10:44:15,586 INFO     Reading boundary conditions 41 745
2024-06-20 10:44:15,587 INFO     Reading boundary conditions 42 745
2024-06-20 10:44:15,587 INFO     Reading boundary conditions 43 745
2024-06-20 10:44:15,587 INFO     Reading boundary conditions 44 745
2024-06-20 10:44:15,587 INFO     Reading boundary conditions 45 745
2024-06-20 10:44:15,587 INFO     Reading boundary conditions 46 745
2024-06-20 10:44:15,588 INFO     Reading boundary conditions 47 745
2024-06-20 10:44:15,588 INFO     Reading boundary conditions 48 745
2024-06-20 10:44:15,588 INFO     Reading boundary conditions 49 745
2024-06-20 10:44:15,588 INFO     Reading boundary conditions 50 745
2024-06-20 10:44:15,588 INFO     Reading boundary conditions 51 745
2024-06-20 10:44:15,588 INFO     Reading boundary conditions 52 745
2024-06-20 10:44:15,588 INFO     Reading boundary conditions 53 745
2024-06-20 10:44:15,588 INFO     Reading boundary conditions 54 745
2024-06-20 10:44:15,588 INFO     Reading boundary conditions 55 745
2024-06-20 10:44:15,588 INFO     Reading boundary conditions 56 745
2024-06-20 10:44:15,588 INFO     Reading boundary conditions 57 745
2024-06-20 10:44:15,588 INFO     Reading boundary conditions 58 745
2024-06-20 10:44:15,588 INFO     Reading boundary conditions 59 745
2024-06-20 10:44:15,588 INFO     Reading boundary conditions 60 745
2024-06-20 10:44:15,588 INFO     Reading boundary conditions 61 745
2024-06-20 10:44:15,589 INFO     Reading boundary conditions 62 745
2024-06-20 10:44:15,589 INFO     Reading boundary conditions 63 745
2024-06-20 10:44:15,589 INFO     Reading boundary conditions 64 745
2024-06-20 10:44:15,589 INFO     Reading boundary conditions 65 745
2024-06-20 10:44:15,589 INFO     Reading boundary conditions 66 745
2024-06-20 10:44:15,589 INFO     Reading boundary conditions 67 745
2024-06-20 10:44:15,589 INFO     Reading boundary conditions 68 745
2024-06-20 10:44:15,590 INFO     Reading boundary conditions 69 745
2024-06-20 10:44:15,590 INFO     Reading boundary conditions 70 745
2024-06-20 10:44:15,590 INFO     Reading boundary conditions 71 745
2024-06-20 10:44:15,590 INFO     Reading boundary conditions 72 745
2024-06-20 10:44:15,590 INFO     Reading boundary conditions 73 745
2024-06-20 10:44:15,590 INFO     Reading boundary conditions 74 745
2024-06-20 10:44:15,590 INFO     Reading boundary conditions 75 745
2024-06-20 10:44:15,590 INFO     Reading boundary conditions 76 745
2024-06-20 10:44:15,590 INFO     Reading boundary conditions 77 745
2024-06-20 10:44:15,590 INFO     Reading boundary conditions 78 745
2024-06-20 10:44:15,590 INFO     Reading boundary conditions 79 745
2024-06-20 10:44:15,590 INFO     Reading boundary conditions 80 745
2024-06-20 10:44:15,591 INFO     Reading boundary conditions 81 745
2024-06-20 10:44:15,591 INFO     Reading boundary conditions 82 745
2024-06-20 10:44:15,591 INFO     Reading boundary conditions 83 745
2024-06-20 10:44:15,591 INFO     Reading boundary conditions 84 745
2024-06-20 10:44:15,591 INFO     Reading boundary conditions 85 745
2024-06-20 10:44:15,591 INFO     Reading boundary conditions 86 745
2024-06-20 10:44:15,591 INFO     Reading boundary conditions 87 745
2024-06-20 10:44:15,591 INFO     Reading boundary conditions 88 745
2024-06-20 10:44:15,591 INFO     Reading boundary conditions 89 745
2024-06-20 10:44:15,592 INFO     Reading boundary conditions 90 745
2024-06-20 10:44:15,592 INFO     Reading boundary conditions 91 745
2024-06-20 10:44:15,592 INFO     Reading boundary conditions 92 745
2024-06-20 10:44:15,592 INFO     Reading boundary conditions 93 745
2024-06-20 10:44:15,592 INFO     Reading boundary conditions 94 745
2024-06-20 10:44:15,592 INFO     Reading boundary conditions 95 745
2024-06-20 10:44:15,593 INFO     Reading boundary conditions 96 745
2024-06-20 10:44:15,593 INFO     Reading boundary conditions 97 745
2024-06-20 10:44:15,593 INFO     Reading boundary conditions 98 745
2024-06-20 10:44:15,593 INFO     Reading boundary conditions 99 745
2024-06-20 10:44:15,593 INFO     Reading boundary conditions 100 745
2024-06-20 10:44:15,593 INFO     Reading boundary conditions 101 745
2024-06-20 10:44:15,593 INFO     Reading boundary conditions 102 745
2024-06-20 10:44:15,593 INFO     Reading boundary conditions 103 745
2024-06-20 10:44:15,594 INFO     Reading boundary conditions 104 745
2024-06-20 10:44:15,594 INFO     Reading boundary conditions 105 745
2024-06-20 10:44:15,594 INFO     Reading boundary conditions 106 745
2024-06-20 10:44:15,594 INFO     Reading boundary conditions 107 745
2024-06-20 10:44:15,594 INFO     Reading boundary conditions 108 745
2024-06-20 10:44:15,594 INFO     Reading boundary conditions 109 745
2024-06-20 10:44:15,594 INFO     Reading boundary conditions 110 745
2024-06-20 10:44:15,594 INFO     Reading boundary conditions 111 745
2024-06-20 10:44:15,595 INFO     Reading boundary conditions 112 745
2024-06-20 10:44:15,595 INFO     Reading boundary conditions 113 745
2024-06-20 10:44:15,595 INFO     Reading boundary conditions 114 745
2024-06-20 10:44:15,595 INFO     Reading boundary conditions 115 745
2024-06-20 10:44:15,595 INFO     Reading boundary conditions 116 745
2024-06-20 10:44:15,595 INFO     Reading boundary conditions 117 745
2024-06-20 10:44:15,595 INFO     Reading boundary conditions 118 745
2024-06-20 10:44:15,596 INFO     Reading boundary conditions 119 745
2024-06-20 10:44:15,596 INFO     Reading boundary conditions 120 745
2024-06-20 10:44:15,596 INFO     Reading boundary conditions 121 745
2024-06-20 10:44:15,596 INFO     Reading boundary conditions 122 745
2024-06-20 10:44:15,596 INFO     Reading boundary conditions 123 745
2024-06-20 10:44:15,596 INFO     Reading boundary conditions 124 745
2024-06-20 10:44:15,596 INFO     Reading boundary conditions 125 745
2024-06-20 10:44:15,596 INFO     Reading boundary conditions 126 745
2024-06-20 10:44:15,596 INFO     Reading boundary conditions 127 745
2024-06-20 10:44:15,596 INFO     Reading boundary conditions 128 745
2024-06-20 10:44:15,596 INFO     Reading boundary conditions 129 745
2024-06-20 10:44:15,596 INFO     Reading boundary conditions 130 745
2024-06-20 10:44:15,597 INFO     Reading boundary conditions 131 745
2024-06-20 10:44:15,597 INFO     Reading boundary conditions 132 745
2024-06-20 10:44:15,597 INFO     Reading boundary conditions 133 745
2024-06-20 10:44:15,597 INFO     Reading boundary conditions 134 745
2024-06-20 10:44:15,598 INFO     Reading boundary conditions 135 745
2024-06-20 10:44:15,598 INFO     Reading boundary conditions 136 745
2024-06-20 10:44:15,598 INFO     Reading boundary conditions 137 745
2024-06-20 10:44:15,598 INFO     Reading boundary conditions 138 745
2024-06-20 10:44:15,598 INFO     Reading boundary conditions 139 745
2024-06-20 10:44:15,598 INFO     Reading boundary conditions 140 745
2024-06-20 10:44:15,598 INFO     Reading boundary conditions 141 745
2024-06-20 10:44:15,598 INFO     Reading boundary conditions 142 745
2024-06-20 10:44:15,599 INFO     Reading boundary conditions 143 745
2024-06-20 10:44:15,599 INFO     Reading boundary conditions 144 745
2024-06-20 10:44:15,599 INFO     Reading boundary conditions 145 745
2024-06-20 10:44:15,599 INFO     Reading boundary conditions 146 745
2024-06-20 10:44:15,599 INFO     Reading boundary conditions 147 745
2024-06-20 10:44:15,599 INFO     Reading boundary conditions 148 745
2024-06-20 10:44:15,599 INFO     Reading boundary conditions 149 745
2024-06-20 10:44:15,599 INFO     Reading boundary conditions 150 745
2024-06-20 10:44:15,600 INFO     Reading boundary conditions 151 745
2024-06-20 10:44:15,600 INFO     Reading boundary conditions 152 745
2024-06-20 10:44:15,600 INFO     Reading boundary conditions 153 745
2024-06-20 10:44:15,600 INFO     Reading boundary conditions 154 745
2024-06-20 10:44:15,600 INFO     Reading boundary conditions 155 745
2024-06-20 10:44:15,600 INFO     Reading boundary conditions 156 745
2024-06-20 10:44:15,600 INFO     Reading boundary conditions 157 745
2024-06-20 10:44:15,600 INFO     Reading boundary conditions 158 745
2024-06-20 10:44:15,601 INFO     Reading boundary conditions 159 745
2024-06-20 10:44:15,601 INFO     Reading boundary conditions 160 745
2024-06-20 10:44:15,601 INFO     Reading boundary conditions 161 745
2024-06-20 10:44:15,601 INFO     Reading boundary conditions 162 745
2024-06-20 10:44:15,601 INFO     Reading boundary conditions 163 745
2024-06-20 10:44:15,601 INFO     Reading boundary conditions 164 745
2024-06-20 10:44:15,601 INFO     Reading boundary conditions 165 745
2024-06-20 10:44:15,601 INFO     Reading boundary conditions 166 745
2024-06-20 10:44:15,601 INFO     Reading boundary conditions 167 745
2024-06-20 10:44:15,602 INFO     Reading boundary conditions 168 745
2024-06-20 10:44:15,602 INFO     Reading boundary conditions 169 745
2024-06-20 10:44:15,602 INFO     Reading boundary conditions 170 745
2024-06-20 10:44:15,602 INFO     Reading boundary conditions 171 745
2024-06-20 10:44:15,602 INFO     Reading boundary conditions 172 745
2024-06-20 10:44:15,602 INFO     Reading boundary conditions 173 745
2024-06-20 10:44:15,602 INFO     Reading boundary conditions 174 745
2024-06-20 10:44:15,602 INFO     Reading boundary conditions 175 745
2024-06-20 10:44:15,603 INFO     Reading boundary conditions 176 745
2024-06-20 10:44:15,603 INFO     Reading boundary conditions 177 745
2024-06-20 10:44:15,603 INFO     Reading boundary conditions 178 745
2024-06-20 10:44:15,603 INFO     Reading boundary conditions 179 745
2024-06-20 10:44:15,603 INFO     Reading boundary conditions 180 745
2024-06-20 10:44:15,603 INFO     Reading boundary conditions 181 745
2024-06-20 10:44:15,603 INFO     Reading boundary conditions 182 745
2024-06-20 10:44:15,603 INFO     Reading boundary conditions 183 745
2024-06-20 10:44:15,603 INFO     Reading boundary conditions 184 745
2024-06-20 10:44:15,603 INFO     Reading boundary conditions 185 745
2024-06-20 10:44:15,603 INFO     Reading boundary conditions 186 745
2024-06-20 10:44:15,604 INFO     Reading boundary conditions 187 745
2024-06-20 10:44:15,604 INFO     Reading boundary conditions 188 745
2024-06-20 10:44:15,604 INFO     Reading boundary conditions 189 745
2024-06-20 10:44:15,604 INFO     Reading boundary conditions 190 745
2024-06-20 10:44:15,604 INFO     Reading boundary conditions 191 745
2024-06-20 10:44:15,604 INFO     Reading boundary conditions 192 745
2024-06-20 10:44:15,604 INFO     Reading boundary conditions 193 745
2024-06-20 10:44:15,604 INFO     Reading boundary conditions 194 745
2024-06-20 10:44:15,604 INFO     Reading boundary conditions 195 745
2024-06-20 10:44:15,604 INFO     Reading boundary conditions 196 745
2024-06-20 10:44:15,604 INFO     Reading boundary conditions 197 745
2024-06-20 10:44:15,605 INFO     Reading boundary conditions 198 745
2024-06-20 10:44:15,605 INFO     Reading boundary conditions 199 745
2024-06-20 10:44:15,605 INFO     Reading boundary conditions 200 745
2024-06-20 10:44:15,605 INFO     Reading boundary conditions 201 745
2024-06-20 10:44:15,605 INFO     Reading boundary conditions 202 745
2024-06-20 10:44:15,605 INFO     Reading boundary conditions 203 745
2024-06-20 10:44:15,605 INFO     Reading boundary conditions 204 745
2024-06-20 10:44:15,605 INFO     Reading boundary conditions 205 745
2024-06-20 10:44:15,605 INFO     Reading boundary conditions 206 745
2024-06-20 10:44:15,605 INFO     Reading boundary conditions 207 745
2024-06-20 10:44:15,605 INFO     Reading boundary conditions 208 745
2024-06-20 10:44:15,606 INFO     Reading boundary conditions 209 745
2024-06-20 10:44:15,606 INFO     Reading boundary conditions 210 745
2024-06-20 10:44:15,606 INFO     Reading boundary conditions 211 745
2024-06-20 10:44:15,606 INFO     Reading boundary conditions 212 745
2024-06-20 10:44:15,606 INFO     Reading boundary conditions 213 745
2024-06-20 10:44:15,606 INFO     Reading boundary conditions 214 745
2024-06-20 10:44:15,606 INFO     Reading boundary conditions 215 745
2024-06-20 10:44:15,606 INFO     Reading boundary conditions 216 745
2024-06-20 10:44:15,606 INFO     Reading boundary conditions 217 745
2024-06-20 10:44:15,606 INFO     Reading boundary conditions 218 745
2024-06-20 10:44:15,606 INFO     Reading boundary conditions 219 745
2024-06-20 10:44:15,607 INFO     Reading boundary conditions 220 745
2024-06-20 10:44:15,607 INFO     Reading boundary conditions 221 745
2024-06-20 10:44:15,607 INFO     Reading boundary conditions 222 745
2024-06-20 10:44:15,607 INFO     Reading boundary conditions 223 745
2024-06-20 10:44:15,607 INFO     Reading boundary conditions 224 745
2024-06-20 10:44:15,607 INFO     Reading boundary conditions 225 745
2024-06-20 10:44:15,607 INFO     Reading boundary conditions 226 745
2024-06-20 10:44:15,607 INFO     Reading boundary conditions 227 745
2024-06-20 10:44:15,607 INFO     Reading boundary conditions 228 745
2024-06-20 10:44:15,607 INFO     Reading boundary conditions 229 745
2024-06-20 10:44:15,607 INFO     Reading boundary conditions 230 745
2024-06-20 10:44:15,608 INFO     Reading boundary conditions 231 745
2024-06-20 10:44:15,608 INFO     Reading boundary conditions 232 745
2024-06-20 10:44:15,608 INFO     Reading boundary conditions 233 745
2024-06-20 10:44:15,608 INFO     Reading boundary conditions 234 745
2024-06-20 10:44:15,609 INFO     Reading boundary conditions 235 745
2024-06-20 10:44:15,609 INFO     Reading boundary conditions 236 745
2024-06-20 10:44:15,609 INFO     Reading boundary conditions 237 745
2024-06-20 10:44:15,609 INFO     Reading boundary conditions 238 745
2024-06-20 10:44:15,609 INFO     Reading boundary conditions 239 745
2024-06-20 10:44:15,610 INFO     Reading boundary conditions 240 745
2024-06-20 10:44:15,610 INFO     Reading boundary conditions 241 745
2024-06-20 10:44:15,610 INFO     Reading boundary conditions 242 745
2024-06-20 10:44:15,610 INFO     Reading boundary conditions 243 745
2024-06-20 10:44:15,610 INFO     Reading boundary conditions 244 745
2024-06-20 10:44:15,610 INFO     Reading boundary conditions 245 745
2024-06-20 10:44:15,610 INFO     Reading boundary conditions 246 745
2024-06-20 10:44:15,611 INFO     Reading boundary conditions 247 745
2024-06-20 10:44:15,611 INFO     Reading boundary conditions 248 745
2024-06-20 10:44:15,611 INFO     Reading boundary conditions 249 745
2024-06-20 10:44:15,612 INFO     Reading boundary conditions 250 745
2024-06-20 10:44:15,612 INFO     Reading boundary conditions 251 745
2024-06-20 10:44:15,612 INFO     Reading boundary conditions 252 745
2024-06-20 10:44:15,612 INFO     Reading boundary conditions 253 745
2024-06-20 10:44:15,613 INFO     Reading boundary conditions 254 745
2024-06-20 10:44:15,613 INFO     Reading boundary conditions 255 745
2024-06-20 10:44:15,613 INFO     Reading boundary conditions 256 745
2024-06-20 10:44:15,613 INFO     Reading boundary conditions 257 745
2024-06-20 10:44:15,614 INFO     Reading boundary conditions 258 745
2024-06-20 10:44:15,614 INFO     Reading boundary conditions 259 745
2024-06-20 10:44:15,614 INFO     Reading boundary conditions 260 745
2024-06-20 10:44:15,614 INFO     Reading boundary conditions 261 745
2024-06-20 10:44:15,615 INFO     Reading boundary conditions 262 745
2024-06-20 10:44:15,615 INFO     Reading boundary conditions 263 745
2024-06-20 10:44:15,615 INFO     Reading boundary conditions 264 745
2024-06-20 10:44:15,615 INFO     Reading boundary conditions 265 745
2024-06-20 10:44:15,615 INFO     Reading boundary conditions 266 745
2024-06-20 10:44:15,616 INFO     Reading boundary conditions 267 745
2024-06-20 10:44:15,616 INFO     Reading boundary conditions 268 745
2024-06-20 10:44:15,616 INFO     Reading boundary conditions 269 745
2024-06-20 10:44:15,616 INFO     Reading boundary conditions 270 745
2024-06-20 10:44:15,616 INFO     Reading boundary conditions 271 745
2024-06-20 10:44:15,616 INFO     Reading boundary conditions 272 745
2024-06-20 10:44:15,616 INFO     Reading boundary conditions 273 745
2024-06-20 10:44:15,616 INFO     Reading boundary conditions 274 745
2024-06-20 10:44:15,616 INFO     Reading boundary conditions 275 745
2024-06-20 10:44:15,616 INFO     Reading boundary conditions 276 745
2024-06-20 10:44:15,616 INFO     Reading boundary conditions 277 745
2024-06-20 10:44:15,617 INFO     Reading boundary conditions 278 745
2024-06-20 10:44:15,617 INFO     Reading boundary conditions 279 745
2024-06-20 10:44:15,617 INFO     Reading boundary conditions 280 745
2024-06-20 10:44:15,617 INFO     Reading boundary conditions 281 745
2024-06-20 10:44:15,617 INFO     Reading boundary conditions 282 745
2024-06-20 10:44:15,617 INFO     Reading boundary conditions 283 745
2024-06-20 10:44:15,617 INFO     Reading boundary conditions 284 745
2024-06-20 10:44:15,617 INFO     Reading boundary conditions 285 745
2024-06-20 10:44:15,617 INFO     Reading boundary conditions 286 745
2024-06-20 10:44:15,617 INFO     Reading boundary conditions 287 745
2024-06-20 10:44:15,617 INFO     Reading boundary conditions 288 745
2024-06-20 10:44:15,617 INFO     Reading boundary conditions 289 745
2024-06-20 10:44:15,617 INFO     Reading boundary conditions 290 745
2024-06-20 10:44:15,617 INFO     Reading boundary conditions 291 745
2024-06-20 10:44:15,617 INFO     Reading boundary conditions 292 745
2024-06-20 10:44:15,618 INFO     Reading boundary conditions 293 745
2024-06-20 10:44:15,618 INFO     Reading boundary conditions 294 745
2024-06-20 10:44:15,618 INFO     Reading boundary conditions 295 745
2024-06-20 10:44:15,618 INFO     Reading boundary conditions 296 745
2024-06-20 10:44:15,618 INFO     Reading boundary conditions 297 745
2024-06-20 10:44:15,618 INFO     Reading boundary conditions 298 745
2024-06-20 10:44:15,618 INFO     Reading boundary conditions 299 745
2024-06-20 10:44:15,618 INFO     Reading boundary conditions 300 745
2024-06-20 10:44:15,618 INFO     Reading boundary conditions 301 745
2024-06-20 10:44:15,618 INFO     Reading boundary conditions 302 745
2024-06-20 10:44:15,618 INFO     Reading boundary conditions 303 745
2024-06-20 10:44:15,618 INFO     Reading boundary conditions 304 745
2024-06-20 10:44:15,618 INFO     Reading boundary conditions 305 745
2024-06-20 10:44:15,618 INFO     Reading boundary conditions 306 745
2024-06-20 10:44:15,618 INFO     Reading boundary conditions 307 745
2024-06-20 10:44:15,619 INFO     Reading boundary conditions 308 745
2024-06-20 10:44:15,619 INFO     Reading boundary conditions 309 745
2024-06-20 10:44:15,619 INFO     Reading boundary conditions 310 745
2024-06-20 10:44:15,619 INFO     Reading boundary conditions 311 745
2024-06-20 10:44:15,619 INFO     Reading boundary conditions 312 745
2024-06-20 10:44:15,619 INFO     Reading boundary conditions 313 745
2024-06-20 10:44:15,619 INFO     Reading boundary conditions 314 745
2024-06-20 10:44:15,619 INFO     Reading boundary conditions 315 745
2024-06-20 10:44:15,619 INFO     Reading boundary conditions 316 745
2024-06-20 10:44:15,619 INFO     Reading boundary conditions 317 745
2024-06-20 10:44:15,619 INFO     Reading boundary conditions 318 745
2024-06-20 10:44:15,619 INFO     Reading boundary conditions 319 745
2024-06-20 10:44:15,619 INFO     Reading boundary conditions 320 745
2024-06-20 10:44:15,619 INFO     Reading boundary conditions 321 745
2024-06-20 10:44:15,619 INFO     Reading boundary conditions 322 745
2024-06-20 10:44:15,620 INFO     Reading boundary conditions 323 745
2024-06-20 10:44:15,620 INFO     Reading boundary conditions 324 745
2024-06-20 10:44:15,620 INFO     Reading boundary conditions 325 745
2024-06-20 10:44:15,620 INFO     Reading boundary conditions 326 745
2024-06-20 10:44:15,620 INFO     Reading boundary conditions 327 745
2024-06-20 10:44:15,620 INFO     Reading boundary conditions 328 745
2024-06-20 10:44:15,620 INFO     Reading boundary conditions 329 745
2024-06-20 10:44:15,620 INFO     Reading boundary conditions 330 745
2024-06-20 10:44:15,620 INFO     Reading boundary conditions 331 745
2024-06-20 10:44:15,620 INFO     Reading boundary conditions 332 745
2024-06-20 10:44:15,620 INFO     Reading boundary conditions 333 745
2024-06-20 10:44:15,620 INFO     Reading boundary conditions 334 745
2024-06-20 10:44:15,620 INFO     Reading boundary conditions 335 745
2024-06-20 10:44:15,620 INFO     Reading boundary conditions 336 745
2024-06-20 10:44:15,621 INFO     Reading boundary conditions 337 745
2024-06-20 10:44:15,621 INFO     Reading boundary conditions 338 745
2024-06-20 10:44:15,621 INFO     Reading boundary conditions 339 745
2024-06-20 10:44:15,621 INFO     Reading boundary conditions 340 745
2024-06-20 10:44:15,621 INFO     Reading boundary conditions 341 745
2024-06-20 10:44:15,621 INFO     Reading boundary conditions 342 745
2024-06-20 10:44:15,621 INFO     Reading boundary conditions 343 745
2024-06-20 10:44:15,621 INFO     Reading boundary conditions 344 745
2024-06-20 10:44:15,621 INFO     Reading boundary conditions 345 745
2024-06-20 10:44:15,621 INFO     Reading boundary conditions 346 745
2024-06-20 10:44:15,621 INFO     Reading boundary conditions 347 745
2024-06-20 10:44:15,621 INFO     Reading boundary conditions 348 745
2024-06-20 10:44:15,622 INFO     Reading boundary conditions 349 745
2024-06-20 10:44:15,622 INFO     Reading boundary conditions 350 745
2024-06-20 10:44:15,622 INFO     Reading boundary conditions 351 745
2024-06-20 10:44:15,622 INFO     Reading boundary conditions 352 745
2024-06-20 10:44:15,622 INFO     Reading boundary conditions 353 745
2024-06-20 10:44:15,622 INFO     Reading boundary conditions 354 745
2024-06-20 10:44:15,622 INFO     Reading boundary conditions 355 745
2024-06-20 10:44:15,622 INFO     Reading boundary conditions 356 745
2024-06-20 10:44:15,622 INFO     Reading boundary conditions 357 745
2024-06-20 10:44:15,622 INFO     Reading boundary conditions 358 745
2024-06-20 10:44:15,622 INFO     Reading boundary conditions 359 745
2024-06-20 10:44:15,622 INFO     Reading boundary conditions 360 745
2024-06-20 10:44:15,622 INFO     Reading boundary conditions 361 745
2024-06-20 10:44:15,622 INFO     Reading boundary conditions 362 745
2024-06-20 10:44:15,622 INFO     Reading boundary conditions 363 745
2024-06-20 10:44:15,623 INFO     Reading boundary conditions 364 745
2024-06-20 10:44:15,623 INFO     Reading boundary conditions 365 745
2024-06-20 10:44:15,623 INFO     Reading boundary conditions 366 745
2024-06-20 10:44:15,623 INFO     Reading boundary conditions 367 745
2024-06-20 10:44:15,623 INFO     Reading boundary conditions 368 745
2024-06-20 10:44:15,623 INFO     Reading boundary conditions 369 745
2024-06-20 10:44:15,623 INFO     Reading boundary conditions 370 745
2024-06-20 10:44:15,623 INFO     Reading boundary conditions 371 745
2024-06-20 10:44:15,623 INFO     Reading boundary conditions 372 745
2024-06-20 10:44:15,623 INFO     Reading boundary conditions 373 745
2024-06-20 10:44:15,623 INFO     Reading boundary conditions 374 745
2024-06-20 10:44:15,623 INFO     Reading boundary conditions 375 745
2024-06-20 10:44:15,623 INFO     Reading boundary conditions 376 745
2024-06-20 10:44:15,623 INFO     Reading boundary conditions 377 745
2024-06-20 10:44:15,623 INFO     Reading boundary conditions 378 745
2024-06-20 10:44:15,623 INFO     Reading boundary conditions 379 745
2024-06-20 10:44:15,624 INFO     Reading boundary conditions 380 745
2024-06-20 10:44:15,624 INFO     Reading boundary conditions 381 745
2024-06-20 10:44:15,624 INFO     Reading boundary conditions 382 745
2024-06-20 10:44:15,624 INFO     Reading boundary conditions 383 745
2024-06-20 10:44:15,624 INFO     Reading boundary conditions 384 745
2024-06-20 10:44:15,624 INFO     Reading boundary conditions 385 745
2024-06-20 10:44:15,624 INFO     Reading boundary conditions 386 745
2024-06-20 10:44:15,624 INFO     Reading boundary conditions 387 745
2024-06-20 10:44:15,624 INFO     Reading boundary conditions 388 745
2024-06-20 10:44:15,624 INFO     Reading boundary conditions 389 745
2024-06-20 10:44:15,624 INFO     Reading boundary conditions 390 745
2024-06-20 10:44:15,624 INFO     Reading boundary conditions 391 745
2024-06-20 10:44:15,624 INFO     Reading boundary conditions 392 745
2024-06-20 10:44:15,624 INFO     Reading boundary conditions 393 745
2024-06-20 10:44:15,624 INFO     Reading boundary conditions 394 745
2024-06-20 10:44:15,624 INFO     Reading boundary conditions 395 745
2024-06-20 10:44:15,625 INFO     Reading boundary conditions 396 745
2024-06-20 10:44:15,625 INFO     Reading boundary conditions 397 745
2024-06-20 10:44:15,625 INFO     Reading boundary conditions 398 745
2024-06-20 10:44:15,625 INFO     Reading boundary conditions 399 745
2024-06-20 10:44:15,625 INFO     Reading boundary conditions 400 745
2024-06-20 10:44:15,625 INFO     Reading boundary conditions 401 745
2024-06-20 10:44:15,625 INFO     Reading boundary conditions 402 745
2024-06-20 10:44:15,625 INFO     Reading boundary conditions 403 745
2024-06-20 10:44:15,625 INFO     Reading boundary conditions 404 745
2024-06-20 10:44:15,625 INFO     Reading boundary conditions 405 745
2024-06-20 10:44:15,625 INFO     Reading boundary conditions 406 745
2024-06-20 10:44:15,625 INFO     Reading boundary conditions 407 745
2024-06-20 10:44:15,625 INFO     Reading boundary conditions 408 745
2024-06-20 10:44:15,625 INFO     Reading boundary conditions 409 745
2024-06-20 10:44:15,625 INFO     Reading boundary conditions 410 745
2024-06-20 10:44:15,625 INFO     Reading boundary conditions 411 745
2024-06-20 10:44:15,626 INFO     Reading boundary conditions 412 745
2024-06-20 10:44:15,626 INFO     Reading boundary conditions 413 745
2024-06-20 10:44:15,626 INFO     Reading boundary conditions 414 745
2024-06-20 10:44:15,626 INFO     Reading boundary conditions 415 745
2024-06-20 10:44:15,626 INFO     Reading boundary conditions 416 745
2024-06-20 10:44:15,626 INFO     Reading boundary conditions 417 745
2024-06-20 10:44:15,626 INFO     Reading boundary conditions 418 745
2024-06-20 10:44:15,626 INFO     Reading boundary conditions 419 745
2024-06-20 10:44:15,626 INFO     Reading boundary conditions 420 745
2024-06-20 10:44:15,626 INFO     Reading boundary conditions 421 745
2024-06-20 10:44:15,626 INFO     Reading boundary conditions 422 745
2024-06-20 10:44:15,626 INFO     Reading boundary conditions 423 745
2024-06-20 10:44:15,626 INFO     Reading boundary conditions 424 745
2024-06-20 10:44:15,626 INFO     Reading boundary conditions 425 745
2024-06-20 10:44:15,626 INFO     Reading boundary conditions 426 745
2024-06-20 10:44:15,626 INFO     Reading boundary conditions 427 745
2024-06-20 10:44:15,627 INFO     Reading boundary conditions 428 745
2024-06-20 10:44:15,627 INFO     Reading boundary conditions 429 745
2024-06-20 10:44:15,627 INFO     Reading boundary conditions 430 745
2024-06-20 10:44:15,627 INFO     Reading boundary conditions 431 745
2024-06-20 10:44:15,627 INFO     Reading boundary conditions 432 745
2024-06-20 10:44:15,627 INFO     Reading boundary conditions 433 745
2024-06-20 10:44:15,627 INFO     Reading boundary conditions 434 745
2024-06-20 10:44:15,627 INFO     Reading boundary conditions 435 745
2024-06-20 10:44:15,627 INFO     Reading boundary conditions 436 745
2024-06-20 10:44:15,627 INFO     Reading boundary conditions 437 745
2024-06-20 10:44:15,627 INFO     Reading boundary conditions 438 745
2024-06-20 10:44:15,627 INFO     Reading boundary conditions 439 745
2024-06-20 10:44:15,627 INFO     Reading boundary conditions 440 745
2024-06-20 10:44:15,627 INFO     Reading boundary conditions 441 745
2024-06-20 10:44:15,627 INFO     Reading boundary conditions 442 745
2024-06-20 10:44:15,628 INFO     Reading boundary conditions 443 745
2024-06-20 10:44:15,628 INFO     Reading boundary conditions 444 745
2024-06-20 10:44:15,628 INFO     Reading boundary conditions 445 745
2024-06-20 10:44:15,628 INFO     Reading boundary conditions 446 745
2024-06-20 10:44:15,628 INFO     Reading boundary conditions 447 745
2024-06-20 10:44:15,628 INFO     Reading boundary conditions 448 745
2024-06-20 10:44:15,628 INFO     Reading boundary conditions 449 745
2024-06-20 10:44:15,628 INFO     Reading boundary conditions 450 745
2024-06-20 10:44:15,628 INFO     Reading boundary conditions 451 745
2024-06-20 10:44:15,628 INFO     Reading boundary conditions 452 745
2024-06-20 10:44:15,628 INFO     Reading boundary conditions 453 745
2024-06-20 10:44:15,628 INFO     Reading boundary conditions 454 745
2024-06-20 10:44:15,628 INFO     Reading boundary conditions 455 745
2024-06-20 10:44:15,628 INFO     Reading boundary conditions 456 745
2024-06-20 10:44:15,628 INFO     Reading boundary conditions 457 745
2024-06-20 10:44:15,628 INFO     Reading boundary conditions 458 745
2024-06-20 10:44:15,629 INFO     Reading boundary conditions 459 745
2024-06-20 10:44:15,629 INFO     Reading boundary conditions 460 745
2024-06-20 10:44:15,629 INFO     Reading boundary conditions 461 745
2024-06-20 10:44:15,629 INFO     Reading boundary conditions 462 745
2024-06-20 10:44:15,629 INFO     Reading boundary conditions 463 745
2024-06-20 10:44:15,629 INFO     Reading boundary conditions 464 745
2024-06-20 10:44:15,629 INFO     Reading boundary conditions 465 745
2024-06-20 10:44:15,629 INFO     Reading boundary conditions 466 745
2024-06-20 10:44:15,629 INFO     Reading boundary conditions 467 745
2024-06-20 10:44:15,629 INFO     Reading boundary conditions 468 745
2024-06-20 10:44:15,629 INFO     Reading boundary conditions 469 745
2024-06-20 10:44:15,629 INFO     Reading boundary conditions 470 745
2024-06-20 10:44:15,629 INFO     Reading boundary conditions 471 745
2024-06-20 10:44:15,629 INFO     Reading boundary conditions 472 745
2024-06-20 10:44:15,629 INFO     Reading boundary conditions 473 745
2024-06-20 10:44:15,629 INFO     Reading boundary conditions 474 745
2024-06-20 10:44:15,630 INFO     Reading boundary conditions 475 745
2024-06-20 10:44:15,630 INFO     Reading boundary conditions 476 745
2024-06-20 10:44:15,630 INFO     Reading boundary conditions 477 745
2024-06-20 10:44:15,630 INFO     Reading boundary conditions 478 745
2024-06-20 10:44:15,630 INFO     Reading boundary conditions 479 745
2024-06-20 10:44:15,630 INFO     Reading boundary conditions 480 745
2024-06-20 10:44:15,630 INFO     Reading boundary conditions 481 745
2024-06-20 10:44:15,630 INFO     Reading boundary conditions 482 745
2024-06-20 10:44:15,630 INFO     Reading boundary conditions 483 745
2024-06-20 10:44:15,630 INFO     Reading boundary conditions 484 745
2024-06-20 10:44:15,630 INFO     Reading boundary conditions 485 745
2024-06-20 10:44:15,630 INFO     Reading boundary conditions 486 745
2024-06-20 10:44:15,630 INFO     Reading boundary conditions 487 745
2024-06-20 10:44:15,630 INFO     Reading boundary conditions 488 745
2024-06-20 10:44:15,630 INFO     Reading boundary conditions 489 745
2024-06-20 10:44:15,630 INFO     Reading boundary conditions 490 745
2024-06-20 10:44:15,631 INFO     Reading boundary conditions 491 745
2024-06-20 10:44:15,631 INFO     Reading boundary conditions 492 745
2024-06-20 10:44:15,631 INFO     Reading boundary conditions 493 745
2024-06-20 10:44:15,631 INFO     Reading boundary conditions 494 745
2024-06-20 10:44:15,631 INFO     Reading boundary conditions 495 745
2024-06-20 10:44:15,631 INFO     Reading boundary conditions 496 745
2024-06-20 10:44:15,631 INFO     Reading boundary conditions 497 745
2024-06-20 10:44:15,631 INFO     Reading boundary conditions 498 745
2024-06-20 10:44:15,631 INFO     Reading boundary conditions 499 745
2024-06-20 10:44:15,631 INFO     Reading boundary conditions 500 745
2024-06-20 10:44:15,631 INFO     Reading boundary conditions 501 745
2024-06-20 10:44:15,631 INFO     Reading boundary conditions 502 745
2024-06-20 10:44:15,631 INFO     Reading boundary conditions 503 745
2024-06-20 10:44:15,631 INFO     Reading boundary conditions 504 745
2024-06-20 10:44:15,631 INFO     Reading boundary conditions 505 745
2024-06-20 10:44:15,631 INFO     Reading boundary conditions 506 745
2024-06-20 10:44:15,632 INFO     Reading boundary conditions 507 745
2024-06-20 10:44:15,632 INFO     Reading boundary conditions 508 745
2024-06-20 10:44:15,632 INFO     Reading boundary conditions 509 745
2024-06-20 10:44:15,632 INFO     Reading boundary conditions 510 745
2024-06-20 10:44:15,632 INFO     Reading boundary conditions 511 745
2024-06-20 10:44:15,632 INFO     Reading boundary conditions 512 745
2024-06-20 10:44:15,632 INFO     Reading boundary conditions 513 745
2024-06-20 10:44:15,632 INFO     Reading boundary conditions 514 745
2024-06-20 10:44:15,632 INFO     Reading boundary conditions 515 745
2024-06-20 10:44:15,632 INFO     Reading boundary conditions 516 745
2024-06-20 10:44:15,632 INFO     Reading boundary conditions 517 745
2024-06-20 10:44:15,632 INFO     Reading boundary conditions 518 745
2024-06-20 10:44:15,632 INFO     Reading boundary conditions 519 745
2024-06-20 10:44:15,632 INFO     Reading boundary conditions 520 745
2024-06-20 10:44:15,632 INFO     Reading boundary conditions 521 745
2024-06-20 10:44:15,632 INFO     Reading boundary conditions 522 745
2024-06-20 10:44:15,633 INFO     Reading boundary conditions 523 745
2024-06-20 10:44:15,633 INFO     Reading boundary conditions 524 745
2024-06-20 10:44:15,633 INFO     Reading boundary conditions 525 745
2024-06-20 10:44:15,633 INFO     Reading boundary conditions 526 745
2024-06-20 10:44:15,633 INFO     Reading boundary conditions 527 745
2024-06-20 10:44:15,633 INFO     Reading boundary conditions 528 745
2024-06-20 10:44:15,633 INFO     Reading boundary conditions 529 745
2024-06-20 10:44:15,633 INFO     Reading boundary conditions 530 745
2024-06-20 10:44:15,633 INFO     Reading boundary conditions 531 745
2024-06-20 10:44:15,633 INFO     Reading boundary conditions 532 745
2024-06-20 10:44:15,633 INFO     Reading boundary conditions 533 745
2024-06-20 10:44:15,633 INFO     Reading boundary conditions 534 745
2024-06-20 10:44:15,633 INFO     Reading boundary conditions 535 745
2024-06-20 10:44:15,633 INFO     Reading boundary conditions 536 745
2024-06-20 10:44:15,633 INFO     Reading boundary conditions 537 745
2024-06-20 10:44:15,633 INFO     Reading boundary conditions 538 745
2024-06-20 10:44:15,634 INFO     Reading boundary conditions 539 745
2024-06-20 10:44:15,634 INFO     Reading boundary conditions 540 745
2024-06-20 10:44:15,634 INFO     Reading boundary conditions 541 745
2024-06-20 10:44:15,634 INFO     Reading boundary conditions 542 745
2024-06-20 10:44:15,634 INFO     Reading boundary conditions 543 745
2024-06-20 10:44:15,634 INFO     Reading boundary conditions 544 745
2024-06-20 10:44:15,634 INFO     Reading boundary conditions 545 745
2024-06-20 10:44:15,634 INFO     Reading boundary conditions 546 745
2024-06-20 10:44:15,634 INFO     Reading boundary conditions 547 745
2024-06-20 10:44:15,634 INFO     Reading boundary conditions 548 745
2024-06-20 10:44:15,634 INFO     Reading boundary conditions 549 745
2024-06-20 10:44:15,634 INFO     Reading boundary conditions 550 745
2024-06-20 10:44:15,634 INFO     Reading boundary conditions 551 745
2024-06-20 10:44:15,634 INFO     Reading boundary conditions 552 745
2024-06-20 10:44:15,634 INFO     Reading boundary conditions 553 745
2024-06-20 10:44:15,634 INFO     Reading boundary conditions 554 745
2024-06-20 10:44:15,635 INFO     Reading boundary conditions 555 745
2024-06-20 10:44:15,635 INFO     Reading boundary conditions 556 745
2024-06-20 10:44:15,635 INFO     Reading boundary conditions 557 745
2024-06-20 10:44:15,635 INFO     Reading boundary conditions 558 745
2024-06-20 10:44:15,635 INFO     Reading boundary conditions 559 745
2024-06-20 10:44:15,635 INFO     Reading boundary conditions 560 745
2024-06-20 10:44:15,635 INFO     Reading boundary conditions 561 745
2024-06-20 10:44:15,635 INFO     Reading boundary conditions 562 745
2024-06-20 10:44:15,635 INFO     Reading boundary conditions 563 745
2024-06-20 10:44:15,635 INFO     Reading boundary conditions 564 745
2024-06-20 10:44:15,635 INFO     Reading boundary conditions 565 745
2024-06-20 10:44:15,635 INFO     Reading boundary conditions 566 745
2024-06-20 10:44:15,635 INFO     Reading boundary conditions 567 745
2024-06-20 10:44:15,635 INFO     Reading boundary conditions 568 745
2024-06-20 10:44:15,635 INFO     Reading boundary conditions 569 745
2024-06-20 10:44:15,636 INFO     Reading boundary conditions 570 745
2024-06-20 10:44:15,636 INFO     Reading boundary conditions 571 745
2024-06-20 10:44:15,636 INFO     Reading boundary conditions 572 745
2024-06-20 10:44:15,636 INFO     Reading boundary conditions 573 745
2024-06-20 10:44:15,636 INFO     Reading boundary conditions 574 745
2024-06-20 10:44:15,636 INFO     Reading boundary conditions 575 745
2024-06-20 10:44:15,636 INFO     Reading boundary conditions 576 745
2024-06-20 10:44:15,636 INFO     Reading boundary conditions 577 745
2024-06-20 10:44:15,636 INFO     Reading boundary conditions 578 745
2024-06-20 10:44:15,636 INFO     Reading boundary conditions 579 745
2024-06-20 10:44:15,636 INFO     Reading boundary conditions 580 745
2024-06-20 10:44:15,636 INFO     Reading boundary conditions 581 745
2024-06-20 10:44:15,636 INFO     Reading boundary conditions 582 745
2024-06-20 10:44:15,636 INFO     Reading boundary conditions 583 745
2024-06-20 10:44:15,636 INFO     Reading boundary conditions 584 745
2024-06-20 10:44:15,636 INFO     Reading boundary conditions 585 745
2024-06-20 10:44:15,636 INFO     Reading boundary conditions 586 745
2024-06-20 10:44:15,637 INFO     Reading boundary conditions 587 745
2024-06-20 10:44:15,637 INFO     Reading boundary conditions 588 745
2024-06-20 10:44:15,637 INFO     Reading boundary conditions 589 745
2024-06-20 10:44:15,637 INFO     Reading boundary conditions 590 745
2024-06-20 10:44:15,637 INFO     Reading boundary conditions 591 745
2024-06-20 10:44:15,637 INFO     Reading boundary conditions 592 745
2024-06-20 10:44:15,637 INFO     Reading boundary conditions 593 745
2024-06-20 10:44:15,637 INFO     Reading boundary conditions 594 745
2024-06-20 10:44:15,637 INFO     Reading boundary conditions 595 745
2024-06-20 10:44:15,637 INFO     Reading boundary conditions 596 745
2024-06-20 10:44:15,637 INFO     Reading boundary conditions 597 745
2024-06-20 10:44:15,637 INFO     Reading boundary conditions 598 745
2024-06-20 10:44:15,637 INFO     Reading boundary conditions 599 745
2024-06-20 10:44:15,637 INFO     Reading boundary conditions 600 745
2024-06-20 10:44:15,637 INFO     Reading boundary conditions 601 745
2024-06-20 10:44:15,637 INFO     Reading boundary conditions 602 745
2024-06-20 10:44:15,638 INFO     Reading boundary conditions 603 745
2024-06-20 10:44:15,638 INFO     Reading boundary conditions 604 745
2024-06-20 10:44:15,638 INFO     Reading boundary conditions 605 745
2024-06-20 10:44:15,638 INFO     Reading boundary conditions 606 745
2024-06-20 10:44:15,638 INFO     Reading boundary conditions 607 745
2024-06-20 10:44:15,638 INFO     Reading boundary conditions 608 745
2024-06-20 10:44:15,638 INFO     Reading boundary conditions 609 745
2024-06-20 10:44:15,638 INFO     Reading boundary conditions 610 745
2024-06-20 10:44:15,638 INFO     Reading boundary conditions 611 745
2024-06-20 10:44:15,638 INFO     Reading boundary conditions 612 745
2024-06-20 10:44:15,638 INFO     Reading boundary conditions 613 745
2024-06-20 10:44:15,638 INFO     Reading boundary conditions 614 745
2024-06-20 10:44:15,638 INFO     Reading boundary conditions 615 745
2024-06-20 10:44:15,638 INFO     Reading boundary conditions 616 745
2024-06-20 10:44:15,638 INFO     Reading boundary conditions 617 745
2024-06-20 10:44:15,638 INFO     Reading boundary conditions 618 745
2024-06-20 10:44:15,638 INFO     Reading boundary conditions 619 745
2024-06-20 10:44:15,638 INFO     Reading boundary conditions 620 745
2024-06-20 10:44:15,638 INFO     Reading boundary conditions 621 745
2024-06-20 10:44:15,638 INFO     Reading boundary conditions 622 745
2024-06-20 10:44:15,638 INFO     Reading boundary conditions 623 745
2024-06-20 10:44:15,638 INFO     Reading boundary conditions 624 745
2024-06-20 10:44:15,638 INFO     Reading boundary conditions 625 745
2024-06-20 10:44:15,638 INFO     Reading boundary conditions 626 745
2024-06-20 10:44:15,639 INFO     Reading boundary conditions 627 745
2024-06-20 10:44:15,639 INFO     Reading boundary conditions 628 745
2024-06-20 10:44:15,639 INFO     Reading boundary conditions 629 745
2024-06-20 10:44:15,639 INFO     Reading boundary conditions 630 745
2024-06-20 10:44:15,639 INFO     Reading boundary conditions 631 745
2024-06-20 10:44:15,639 INFO     Reading boundary conditions 632 745
2024-06-20 10:44:15,639 INFO     Reading boundary conditions 633 745
2024-06-20 10:44:15,639 INFO     Reading boundary conditions 634 745
2024-06-20 10:44:15,640 INFO     Reading boundary conditions 635 745
2024-06-20 10:44:15,640 INFO     Reading boundary conditions 636 745
2024-06-20 10:44:15,640 INFO     Reading boundary conditions 637 745
2024-06-20 10:44:15,640 INFO     Reading boundary conditions 638 745
2024-06-20 10:44:15,640 INFO     Reading boundary conditions 639 745
2024-06-20 10:44:15,640 INFO     Reading boundary conditions 640 745
2024-06-20 10:44:15,640 INFO     Reading boundary conditions 641 745
2024-06-20 10:44:15,640 INFO     Reading boundary conditions 642 745
2024-06-20 10:44:15,640 INFO     Reading boundary conditions 643 745
2024-06-20 10:44:15,641 INFO     Reading boundary conditions 644 745
2024-06-20 10:44:15,641 INFO     Reading boundary conditions 645 745
2024-06-20 10:44:15,641 INFO     Reading boundary conditions 646 745
2024-06-20 10:44:15,641 INFO     Reading boundary conditions 647 745
2024-06-20 10:44:15,641 INFO     Reading boundary conditions 648 745
2024-06-20 10:44:15,641 INFO     Reading boundary conditions 649 745
2024-06-20 10:44:15,641 INFO     Reading boundary conditions 650 745
2024-06-20 10:44:15,641 INFO     Reading boundary conditions 651 745
2024-06-20 10:44:15,641 INFO     Reading boundary conditions 652 745
2024-06-20 10:44:15,641 INFO     Reading boundary conditions 653 745
2024-06-20 10:44:15,641 INFO     Reading boundary conditions 654 745
2024-06-20 10:44:15,641 INFO     Reading boundary conditions 655 745
2024-06-20 10:44:15,641 INFO     Reading boundary conditions 656 745
2024-06-20 10:44:15,642 INFO     Reading boundary conditions 657 745
2024-06-20 10:44:15,642 INFO     Reading boundary conditions 658 745
2024-06-20 10:44:15,642 INFO     Reading boundary conditions 659 745
2024-06-20 10:44:15,642 INFO     Reading boundary conditions 660 745
2024-06-20 10:44:15,642 INFO     Reading boundary conditions 661 745
2024-06-20 10:44:15,642 INFO     Reading boundary conditions 662 745
2024-06-20 10:44:15,642 INFO     Reading boundary conditions 663 745
2024-06-20 10:44:15,642 INFO     Reading boundary conditions 664 745
2024-06-20 10:44:15,642 INFO     Reading boundary conditions 665 745
2024-06-20 10:44:15,642 INFO     Reading boundary conditions 666 745
2024-06-20 10:44:15,643 INFO     Reading boundary conditions 667 745
2024-06-20 10:44:15,643 INFO     Reading boundary conditions 668 745
2024-06-20 10:44:15,643 INFO     Reading boundary conditions 669 745
2024-06-20 10:44:15,643 INFO     Reading boundary conditions 670 745
2024-06-20 10:44:15,643 INFO     Reading boundary conditions 671 745
2024-06-20 10:44:15,644 INFO     Reading boundary conditions 672 745
2024-06-20 10:44:15,644 INFO     Reading boundary conditions 673 745
2024-06-20 10:44:15,644 INFO     Reading boundary conditions 674 745
2024-06-20 10:44:15,644 INFO     Reading boundary conditions 675 745
2024-06-20 10:44:15,645 INFO     Reading boundary conditions 676 745
2024-06-20 10:44:15,645 INFO     Reading boundary conditions 677 745
2024-06-20 10:44:15,645 INFO     Reading boundary conditions 678 745
2024-06-20 10:44:15,645 INFO     Reading boundary conditions 679 745
2024-06-20 10:44:15,646 INFO     Reading boundary conditions 680 745
2024-06-20 10:44:15,646 INFO     Reading boundary conditions 681 745
2024-06-20 10:44:15,646 INFO     Reading boundary conditions 682 745
2024-06-20 10:44:15,646 INFO     Reading boundary conditions 683 745
2024-06-20 10:44:15,646 INFO     Reading boundary conditions 684 745
2024-06-20 10:44:15,647 INFO     Reading boundary conditions 685 745
2024-06-20 10:44:15,647 INFO     Reading boundary conditions 686 745
2024-06-20 10:44:15,647 INFO     Reading boundary conditions 687 745
2024-06-20 10:44:15,647 INFO     Reading boundary conditions 688 745
2024-06-20 10:44:15,647 INFO     Reading boundary conditions 689 745
2024-06-20 10:44:15,647 INFO     Reading boundary conditions 690 745
2024-06-20 10:44:15,648 INFO     Reading boundary conditions 691 745
2024-06-20 10:44:15,648 INFO     Reading boundary conditions 692 745
2024-06-20 10:44:15,648 INFO     Reading boundary conditions 693 745
2024-06-20 10:44:15,648 INFO     Reading boundary conditions 694 745
2024-06-20 10:44:15,649 INFO     Reading boundary conditions 695 745
2024-06-20 10:44:15,649 INFO     Reading boundary conditions 696 745
2024-06-20 10:44:15,649 INFO     Reading boundary conditions 697 745
2024-06-20 10:44:15,649 INFO     Reading boundary conditions 698 745
2024-06-20 10:44:15,649 INFO     Reading boundary conditions 699 745
2024-06-20 10:44:15,649 INFO     Reading boundary conditions 700 745
2024-06-20 10:44:15,650 INFO     Reading boundary conditions 701 745
2024-06-20 10:44:15,650 INFO     Reading boundary conditions 702 745
2024-06-20 10:44:15,650 INFO     Reading boundary conditions 703 745
2024-06-20 10:44:15,650 INFO     Reading boundary conditions 704 745
2024-06-20 10:44:15,650 INFO     Reading boundary conditions 705 745
2024-06-20 10:44:15,650 INFO     Reading boundary conditions 706 745
2024-06-20 10:44:15,650 INFO     Reading boundary conditions 707 745
2024-06-20 10:44:15,650 INFO     Reading boundary conditions 708 745
2024-06-20 10:44:15,650 INFO     Reading boundary conditions 709 745
2024-06-20 10:44:15,650 INFO     Reading boundary conditions 710 745
2024-06-20 10:44:15,650 INFO     Reading boundary conditions 711 745
2024-06-20 10:44:15,650 INFO     Reading boundary conditions 712 745
2024-06-20 10:44:15,650 INFO     Reading boundary conditions 713 745
2024-06-20 10:44:15,650 INFO     Reading boundary conditions 714 745
2024-06-20 10:44:15,650 INFO     Reading boundary conditions 715 745
2024-06-20 10:44:15,650 INFO     Reading boundary conditions 716 745
2024-06-20 10:44:15,651 INFO     Reading boundary conditions 717 745
2024-06-20 10:44:15,651 INFO     Reading boundary conditions 718 745
2024-06-20 10:44:15,651 INFO     Reading boundary conditions 719 745
2024-06-20 10:44:15,651 INFO     Reading boundary conditions 720 745
2024-06-20 10:44:15,651 INFO     Reading boundary conditions 721 745
2024-06-20 10:44:15,651 INFO     Reading boundary conditions 722 745
2024-06-20 10:44:15,651 INFO     Reading boundary conditions 723 745
2024-06-20 10:44:15,651 INFO     Reading boundary conditions 724 745
2024-06-20 10:44:15,651 INFO     Reading boundary conditions 725 745
2024-06-20 10:44:15,651 INFO     Reading boundary conditions 726 745
2024-06-20 10:44:15,651 INFO     Reading boundary conditions 727 745
2024-06-20 10:44:15,651 INFO     Reading boundary conditions 728 745
2024-06-20 10:44:15,651 INFO     Reading boundary conditions 729 745
2024-06-20 10:44:15,651 INFO     Reading boundary conditions 730 745
2024-06-20 10:44:15,651 INFO     Reading boundary conditions 731 745
2024-06-20 10:44:15,651 INFO     Reading boundary conditions 732 745
2024-06-20 10:44:15,651 INFO     Reading boundary conditions 733 745
2024-06-20 10:44:15,652 INFO     Reading boundary conditions 734 745
2024-06-20 10:44:15,652 INFO     Reading boundary conditions 735 745
2024-06-20 10:44:15,652 INFO     Reading boundary conditions 736 745
2024-06-20 10:44:15,652 INFO     Reading boundary conditions 737 745
2024-06-20 10:44:15,652 INFO     Reading boundary conditions 738 745
2024-06-20 10:44:15,652 INFO     Reading boundary conditions 739 745
2024-06-20 10:44:15,652 INFO     Reading boundary conditions 740 745
2024-06-20 10:44:15,652 INFO     Reading boundary conditions 741 745
2024-06-20 10:44:15,652 INFO     Reading boundary conditions 742 745
2024-06-20 10:44:15,652 INFO     Reading boundary conditions 743 745
2024-06-20 10:44:15,652 INFO     Reading boundary conditions 744 745
2024-06-20 10:44:15,652 INFO     Reading boundary conditions 745 745
2024-06-20 10:44:15,677 DEBUG    Building Stream Nodes 1 185
2024-06-20 10:44:15,678 DEBUG    Building Stream Nodes 2 185
2024-06-20 10:44:15,679 DEBUG    Building Stream Nodes 3 185
2024-06-20 10:44:15,680 DEBUG    Building Stream Nodes 4 185
2024-06-20 10:44:15,680 DEBUG    Building Stream Nodes 5 185
2024-06-20 10:44:15,680 DEBUG    Building Stream Nodes 6 185
2024-06-20 10:44:15,681 DEBUG    Building Stream Nodes 7 185
2024-06-20 10:44:15,681 DEBUG    Building Stream Nodes 8 185
2024-06-20 10:44:15,681 DEBUG    Building Stream Nodes 9 185
2024-06-20 10:44:15,682 DEBUG    Building Stream Nodes 10 185
2024-06-20 10:44:15,682 DEBUG    Building Stream Nodes 11 185
2024-06-20 10:44:15,682 DEBUG    Building Stream Nodes 12 185
2024-06-20 10:44:15,682 DEBUG    Building Stream Nodes 13 185
2024-06-20 10:44:15,683 DEBUG    Building Stream Nodes 14 185
2024-06-20 10:44:15,684 DEBUG    Building Stream Nodes 15 185
2024-06-20 10:44:15,684 DEBUG    Building Stream Nodes 16 185
2024-06-20 10:44:15,684 DEBUG    Building Stream Nodes 17 185
2024-06-20 10:44:15,685 DEBUG    Building Stream Nodes 18 185
2024-06-20 10:44:15,685 DEBUG    Building Stream Nodes 19 185
2024-06-20 10:44:15,685 DEBUG    Building Stream Nodes 20 185
2024-06-20 10:44:15,685 DEBUG    Building Stream Nodes 21 185
2024-06-20 10:44:15,686 DEBUG    Building Stream Nodes 22 185
2024-06-20 10:44:15,686 DEBUG    Building Stream Nodes 23 185
2024-06-20 10:44:15,686 DEBUG    Building Stream Nodes 24 185
2024-06-20 10:44:15,687 DEBUG    Building Stream Nodes 25 185
2024-06-20 10:44:15,687 DEBUG    Building Stream Nodes 26 185
2024-06-20 10:44:15,687 DEBUG    Building Stream Nodes 27 185
2024-06-20 10:44:15,687 DEBUG    Building Stream Nodes 28 185
2024-06-20 10:44:15,688 DEBUG    Building Stream Nodes 29 185
2024-06-20 10:44:15,688 DEBUG    Building Stream Nodes 30 185
2024-06-20 10:44:15,688 DEBUG    Building Stream Nodes 31 185
2024-06-20 10:44:15,689 DEBUG    Building Stream Nodes 32 185
2024-06-20 10:44:15,689 DEBUG    Building Stream Nodes 33 185
2024-06-20 10:44:15,689 DEBUG    Building Stream Nodes 34 185
2024-06-20 10:44:15,689 DEBUG    Building Stream Nodes 35 185
2024-06-20 10:44:15,690 DEBUG    Building Stream Nodes 36 185
2024-06-20 10:44:15,690 DEBUG    Building Stream Nodes 37 185
2024-06-20 10:44:15,690 DEBUG    Building Stream Nodes 38 185
2024-06-20 10:44:15,691 DEBUG    Building Stream Nodes 39 185
2024-06-20 10:44:15,691 DEBUG    Building Stream Nodes 40 185
2024-06-20 10:44:15,691 DEBUG    Building Stream Nodes 41 185
2024-06-20 10:44:15,692 DEBUG    Building Stream Nodes 42 185
2024-06-20 10:44:15,693 DEBUG    Building Stream Nodes 43 185
2024-06-20 10:44:15,693 DEBUG    Building Stream Nodes 44 185
2024-06-20 10:44:15,693 DEBUG    Building Stream Nodes 45 185
2024-06-20 10:44:15,693 DEBUG    Building Stream Nodes 46 185
2024-06-20 10:44:15,694 DEBUG    Building Stream Nodes 47 185
2024-06-20 10:44:15,694 DEBUG    Building Stream Nodes 48 185
2024-06-20 10:44:15,694 DEBUG    Building Stream Nodes 49 185
2024-06-20 10:44:15,695 DEBUG    Building Stream Nodes 50 185
2024-06-20 10:44:15,695 DEBUG    Building Stream Nodes 51 185
2024-06-20 10:44:15,695 DEBUG    Building Stream Nodes 52 185
2024-06-20 10:44:15,696 DEBUG    Building Stream Nodes 53 185
2024-06-20 10:44:15,696 DEBUG    Building Stream Nodes 54 185
2024-06-20 10:44:15,696 DEBUG    Building Stream Nodes 55 185
2024-06-20 10:44:15,697 DEBUG    Building Stream Nodes 56 185
2024-06-20 10:44:15,697 DEBUG    Building Stream Nodes 57 185
2024-06-20 10:44:15,697 DEBUG    Building Stream Nodes 58 185
2024-06-20 10:44:15,698 DEBUG    Building Stream Nodes 59 185
2024-06-20 10:44:15,698 DEBUG    Building Stream Nodes 60 185
2024-06-20 10:44:15,698 DEBUG    Building Stream Nodes 61 185
2024-06-20 10:44:15,698 DEBUG    Building Stream Nodes 62 185
2024-06-20 10:44:15,699 DEBUG    Building Stream Nodes 63 185
2024-06-20 10:44:15,699 DEBUG    Building Stream Nodes 64 185
2024-06-20 10:44:15,699 DEBUG    Building Stream Nodes 65 185
2024-06-20 10:44:15,700 DEBUG    Building Stream Nodes 66 185
2024-06-20 10:44:15,700 DEBUG    Building Stream Nodes 67 185
2024-06-20 10:44:15,700 DEBUG    Building Stream Nodes 68 185
2024-06-20 10:44:15,700 DEBUG    Building Stream Nodes 69 185
2024-06-20 10:44:15,701 DEBUG    Building Stream Nodes 70 185
2024-06-20 10:44:15,701 DEBUG    Building Stream Nodes 71 185
2024-06-20 10:44:15,702 DEBUG    Building Stream Nodes 72 185
2024-06-20 10:44:15,703 DEBUG    Building Stream Nodes 73 185
2024-06-20 10:44:15,704 DEBUG    Building Stream Nodes 74 185
2024-06-20 10:44:15,705 DEBUG    Building Stream Nodes 75 185
2024-06-20 10:44:15,705 DEBUG    Building Stream Nodes 76 185
2024-06-20 10:44:15,706 DEBUG    Building Stream Nodes 77 185
2024-06-20 10:44:15,707 DEBUG    Building Stream Nodes 78 185
2024-06-20 10:44:15,707 DEBUG    Building Stream Nodes 79 185
2024-06-20 10:44:15,708 DEBUG    Building Stream Nodes 80 185
2024-06-20 10:44:15,708 DEBUG    Building Stream Nodes 81 185
2024-06-20 10:44:15,708 DEBUG    Building Stream Nodes 82 185
2024-06-20 10:44:15,709 DEBUG    Building Stream Nodes 83 185
2024-06-20 10:44:15,709 DEBUG    Building Stream Nodes 84 185
2024-06-20 10:44:15,709 DEBUG    Building Stream Nodes 85 185
2024-06-20 10:44:15,709 DEBUG    Building Stream Nodes 86 185
2024-06-20 10:44:15,710 DEBUG    Building Stream Nodes 87 185
2024-06-20 10:44:15,710 DEBUG    Building Stream Nodes 88 185
2024-06-20 10:44:15,710 DEBUG    Building Stream Nodes 89 185
2024-06-20 10:44:15,711 DEBUG    Building Stream Nodes 90 185
2024-06-20 10:44:15,711 DEBUG    Building Stream Nodes 91 185
2024-06-20 10:44:15,711 DEBUG    Building Stream Nodes 92 185
2024-06-20 10:44:15,711 DEBUG    Building Stream Nodes 93 185
2024-06-20 10:44:15,712 DEBUG    Building Stream Nodes 94 185
2024-06-20 10:44:15,712 DEBUG    Building Stream Nodes 95 185
2024-06-20 10:44:15,712 DEBUG    Building Stream Nodes 96 185
2024-06-20 10:44:15,713 DEBUG    Building Stream Nodes 97 185
2024-06-20 10:44:15,713 DEBUG    Building Stream Nodes 98 185
2024-06-20 10:44:15,713 DEBUG    Building Stream Nodes 99 185
2024-06-20 10:44:15,714 DEBUG    Building Stream Nodes 100 185
2024-06-20 10:44:15,714 DEBUG    Building Stream Nodes 101 185
2024-06-20 10:44:15,715 DEBUG    Building Stream Nodes 102 185
2024-06-20 10:44:15,715 DEBUG    Building Stream Nodes 103 185
2024-06-20 10:44:15,715 DEBUG    Building Stream Nodes 104 185
2024-06-20 10:44:15,716 DEBUG    Building Stream Nodes 105 185
2024-06-20 10:44:15,716 DEBUG    Building Stream Nodes 106 185
2024-06-20 10:44:15,716 DEBUG    Building Stream Nodes 107 185
2024-06-20 10:44:15,717 DEBUG    Building Stream Nodes 108 185
2024-06-20 10:44:15,717 DEBUG    Building Stream Nodes 109 185
2024-06-20 10:44:15,717 DEBUG    Building Stream Nodes 110 185
2024-06-20 10:44:15,717 DEBUG    Building Stream Nodes 111 185
2024-06-20 10:44:15,718 DEBUG    Building Stream Nodes 112 185
2024-06-20 10:44:15,718 DEBUG    Building Stream Nodes 113 185
2024-06-20 10:44:15,718 DEBUG    Building Stream Nodes 114 185
2024-06-20 10:44:15,719 DEBUG    Building Stream Nodes 115 185
2024-06-20 10:44:15,719 DEBUG    Building Stream Nodes 116 185
2024-06-20 10:44:15,719 DEBUG    Building Stream Nodes 117 185
2024-06-20 10:44:15,720 DEBUG    Building Stream Nodes 118 185
2024-06-20 10:44:15,720 DEBUG    Building Stream Nodes 119 185
2024-06-20 10:44:15,720 DEBUG    Building Stream Nodes 120 185
2024-06-20 10:44:15,720 DEBUG    Building Stream Nodes 121 185
2024-06-20 10:44:15,721 DEBUG    Building Stream Nodes 122 185
2024-06-20 10:44:15,721 DEBUG    Building Stream Nodes 123 185
2024-06-20 10:44:15,721 DEBUG    Building Stream Nodes 124 185
2024-06-20 10:44:15,722 DEBUG    Building Stream Nodes 125 185
2024-06-20 10:44:15,722 DEBUG    Building Stream Nodes 126 185
2024-06-20 10:44:15,722 DEBUG    Building Stream Nodes 127 185
2024-06-20 10:44:15,723 DEBUG    Building Stream Nodes 128 185
2024-06-20 10:44:15,723 DEBUG    Building Stream Nodes 129 185
2024-06-20 10:44:15,723 DEBUG    Building Stream Nodes 130 185
2024-06-20 10:44:15,724 DEBUG    Building Stream Nodes 131 185
2024-06-20 10:44:15,724 DEBUG    Building Stream Nodes 132 185
2024-06-20 10:44:15,725 DEBUG    Building Stream Nodes 133 185
2024-06-20 10:44:15,725 DEBUG    Building Stream Nodes 134 185
2024-06-20 10:44:15,725 DEBUG    Building Stream Nodes 135 185
2024-06-20 10:44:15,726 DEBUG    Building Stream Nodes 136 185
2024-06-20 10:44:15,726 DEBUG    Building Stream Nodes 137 185
2024-06-20 10:44:15,726 DEBUG    Building Stream Nodes 138 185
2024-06-20 10:44:15,726 DEBUG    Building Stream Nodes 139 185
2024-06-20 10:44:15,727 DEBUG    Building Stream Nodes 140 185
2024-06-20 10:44:15,727 DEBUG    Building Stream Nodes 141 185
2024-06-20 10:44:15,727 DEBUG    Building Stream Nodes 142 185
2024-06-20 10:44:15,728 DEBUG    Building Stream Nodes 143 185
2024-06-20 10:44:15,728 DEBUG    Building Stream Nodes 144 185
2024-06-20 10:44:15,728 DEBUG    Building Stream Nodes 145 185
2024-06-20 10:44:15,729 DEBUG    Building Stream Nodes 146 185
2024-06-20 10:44:15,729 DEBUG    Building Stream Nodes 147 185
2024-06-20 10:44:15,729 DEBUG    Building Stream Nodes 148 185
2024-06-20 10:44:15,729 DEBUG    Building Stream Nodes 149 185
2024-06-20 10:44:15,730 DEBUG    Building Stream Nodes 150 185
2024-06-20 10:44:15,730 DEBUG    Building Stream Nodes 151 185
2024-06-20 10:44:15,730 DEBUG    Building Stream Nodes 152 185
2024-06-20 10:44:15,731 DEBUG    Building Stream Nodes 153 185
2024-06-20 10:44:15,731 DEBUG    Building Stream Nodes 154 185
2024-06-20 10:44:15,731 DEBUG    Building Stream Nodes 155 185
2024-06-20 10:44:15,731 DEBUG    Building Stream Nodes 156 185
2024-06-20 10:44:15,732 DEBUG    Building Stream Nodes 157 185
2024-06-20 10:44:15,732 DEBUG    Building Stream Nodes 158 185
2024-06-20 10:44:15,732 DEBUG    Building Stream Nodes 159 185
2024-06-20 10:44:15,733 DEBUG    Building Stream Nodes 160 185
2024-06-20 10:44:15,734 DEBUG    Building Stream Nodes 161 185
2024-06-20 10:44:15,734 DEBUG    Building Stream Nodes 162 185
2024-06-20 10:44:15,735 DEBUG    Building Stream Nodes 163 185
2024-06-20 10:44:15,735 DEBUG    Building Stream Nodes 164 185
2024-06-20 10:44:15,735 DEBUG    Building Stream Nodes 165 185
2024-06-20 10:44:15,736 DEBUG    Building Stream Nodes 166 185
2024-06-20 10:44:15,737 DEBUG    Building Stream Nodes 167 185
2024-06-20 10:44:15,737 DEBUG    Building Stream Nodes 168 185
2024-06-20 10:44:15,737 DEBUG    Building Stream Nodes 169 185
2024-06-20 10:44:15,738 DEBUG    Building Stream Nodes 170 185
2024-06-20 10:44:15,740 DEBUG    Building Stream Nodes 171 185
2024-06-20 10:44:15,741 DEBUG    Building Stream Nodes 172 185
2024-06-20 10:44:15,741 DEBUG    Building Stream Nodes 173 185
2024-06-20 10:44:15,741 DEBUG    Building Stream Nodes 174 185
2024-06-20 10:44:15,742 DEBUG    Building Stream Nodes 175 185
2024-06-20 10:44:15,743 DEBUG    Building Stream Nodes 176 185
2024-06-20 10:44:15,743 DEBUG    Building Stream Nodes 177 185
2024-06-20 10:44:15,744 DEBUG    Building Stream Nodes 178 185
2024-06-20 10:44:15,744 DEBUG    Building Stream Nodes 179 185
2024-06-20 10:44:15,744 DEBUG    Building Stream Nodes 180 185
2024-06-20 10:44:15,745 DEBUG    Building Stream Nodes 181 185
2024-06-20 10:44:15,745 DEBUG    Building Stream Nodes 182 185
2024-06-20 10:44:15,745 DEBUG    Building Stream Nodes 183 185
2024-06-20 10:44:15,749 ERROR    Error: Traceback (most recent call last):
  File "C:\Users\RIPHAWK\anaconda3\envs\py3810\lib\site-packages\heatsource9\BigRedButton.py", line 279, in run
    HSP = ModelControl(model_dir, control_file, 0)
  File "C:\Users\RIPHAWK\anaconda3\envs\py3810\lib\site-packages\heatsource9\BigRedButton.py", line 99, in __init__
    self.HS = ModelSetup(model_dir, control_file, run_type)
  File "C:\Users\RIPHAWK\anaconda3\envs\py3810\lib\site-packages\heatsource9\ModelSetup\ModelSetup.py", line 82, in __init__
    self.build_nodes()
  File "C:\Users\RIPHAWK\anaconda3\envs\py3810\lib\site-packages\heatsource9\ModelSetup\ModelSetup.py", line 655, in build_nodes
    setattr(node, k, v[i + 1])# Add one to ignore boundary node
IndexError: list index out of range

