2024-07-15 11:34:13,618 INFO     
Heat Source, Copyright (C) 2000-2019, Oregon Department of Environmental Quality

This program comes with ABSOLUTELY NO WARRANTY. Appropriate model 
use and application are the sole responsibility of the user. 
This is free software, and you are welcome to redistribute it under 
certain conditions described in the License.

Heat Source Version:  9.0.0b26

2024-07-15 11:34:13,618 INFO     Starting Model Initialization
2024-07-15 11:34:13,618 INFO     Reading control file
2024-07-15 11:34:13,656 INFO     Reading boundary conditions 1 745
2024-07-15 11:34:13,656 INFO     Reading boundary conditions 2 745
2024-07-15 11:34:13,656 INFO     Reading boundary conditions 3 745
2024-07-15 11:34:13,656 INFO     Reading boundary conditions 4 745
2024-07-15 11:34:13,656 INFO     Reading boundary conditions 5 745
2024-07-15 11:34:13,656 INFO     Reading boundary conditions 6 745
2024-07-15 11:34:13,656 INFO     Reading boundary conditions 7 745
2024-07-15 11:34:13,656 INFO     Reading boundary conditions 8 745
2024-07-15 11:34:13,656 INFO     Reading boundary conditions 9 745
2024-07-15 11:34:13,656 INFO     Reading boundary conditions 10 745
2024-07-15 11:34:13,656 INFO     Reading boundary conditions 11 745
2024-07-15 11:34:13,656 INFO     Reading boundary conditions 12 745
2024-07-15 11:34:13,656 INFO     Reading boundary conditions 13 745
2024-07-15 11:34:13,656 INFO     Reading boundary conditions 14 745
2024-07-15 11:34:13,656 INFO     Reading boundary conditions 15 745
2024-07-15 11:34:13,656 INFO     Reading boundary conditions 16 745
2024-07-15 11:34:13,656 INFO     Reading boundary conditions 17 745
2024-07-15 11:34:13,656 INFO     Reading boundary conditions 18 745
2024-07-15 11:34:13,656 INFO     Reading boundary conditions 19 745
2024-07-15 11:34:13,656 INFO     Reading boundary conditions 20 745
2024-07-15 11:34:13,656 INFO     Reading boundary conditions 21 745
2024-07-15 11:34:13,656 INFO     Reading boundary conditions 22 745
2024-07-15 11:34:13,656 INFO     Reading boundary conditions 23 745
2024-07-15 11:34:13,656 INFO     Reading boundary conditions 24 745
2024-07-15 11:34:13,656 INFO     Reading boundary conditions 25 745
2024-07-15 11:34:13,656 INFO     Reading boundary conditions 26 745
2024-07-15 11:34:13,656 INFO     Reading boundary conditions 27 745
2024-07-15 11:34:13,656 INFO     Reading boundary conditions 28 745
2024-07-15 11:34:13,656 INFO     Reading boundary conditions 29 745
2024-07-15 11:34:13,656 INFO     Reading boundary conditions 30 745
2024-07-15 11:34:13,656 INFO     Reading boundary conditions 31 745
2024-07-15 11:34:13,656 INFO     Reading boundary conditions 32 745
2024-07-15 11:34:13,656 INFO     Reading boundary conditions 33 745
2024-07-15 11:34:13,656 INFO     Reading boundary conditions 34 745
2024-07-15 11:34:13,656 INFO     Reading boundary conditions 35 745
2024-07-15 11:34:13,656 INFO     Reading boundary conditions 36 745
2024-07-15 11:34:13,656 INFO     Reading boundary conditions 37 745
2024-07-15 11:34:13,656 INFO     Reading boundary conditions 38 745
2024-07-15 11:34:13,656 INFO     Reading boundary conditions 39 745
2024-07-15 11:34:13,656 INFO     Reading boundary conditions 40 745
2024-07-15 11:34:13,656 INFO     Reading boundary conditions 41 745
2024-07-15 11:34:13,656 INFO     Reading boundary conditions 42 745
2024-07-15 11:34:13,656 INFO     Reading boundary conditions 43 745
2024-07-15 11:34:13,656 INFO     Reading boundary conditions 44 745
2024-07-15 11:34:13,656 INFO     Reading boundary conditions 45 745
2024-07-15 11:34:13,656 INFO     Reading boundary conditions 46 745
2024-07-15 11:34:13,656 INFO     Reading boundary conditions 47 745
2024-07-15 11:34:13,656 INFO     Reading boundary conditions 48 745
2024-07-15 11:34:13,656 INFO     Reading boundary conditions 49 745
2024-07-15 11:34:13,656 INFO     Reading boundary conditions 50 745
2024-07-15 11:34:13,656 INFO     Reading boundary conditions 51 745
2024-07-15 11:34:13,656 INFO     Reading boundary conditions 52 745
2024-07-15 11:34:13,656 INFO     Reading boundary conditions 53 745
2024-07-15 11:34:13,656 INFO     Reading boundary conditions 54 745
2024-07-15 11:34:13,672 INFO     Reading boundary conditions 55 745
2024-07-15 11:34:13,672 INFO     Reading boundary conditions 56 745
2024-07-15 11:34:13,672 INFO     Reading boundary conditions 57 745
2024-07-15 11:34:13,672 INFO     Reading boundary conditions 58 745
2024-07-15 11:34:13,672 INFO     Reading boundary conditions 59 745
2024-07-15 11:34:13,672 INFO     Reading boundary conditions 60 745
2024-07-15 11:34:13,672 INFO     Reading boundary conditions 61 745
2024-07-15 11:34:13,672 INFO     Reading boundary conditions 62 745
2024-07-15 11:34:13,672 INFO     Reading boundary conditions 63 745
2024-07-15 11:34:13,672 INFO     Reading boundary conditions 64 745
2024-07-15 11:34:13,672 INFO     Reading boundary conditions 65 745
2024-07-15 11:34:13,672 INFO     Reading boundary conditions 66 745
2024-07-15 11:34:13,672 INFO     Reading boundary conditions 67 745
2024-07-15 11:34:13,672 INFO     Reading boundary conditions 68 745
2024-07-15 11:34:13,672 INFO     Reading boundary conditions 69 745
2024-07-15 11:34:13,672 INFO     Reading boundary conditions 70 745
2024-07-15 11:34:13,672 INFO     Reading boundary conditions 71 745
2024-07-15 11:34:13,672 INFO     Reading boundary conditions 72 745
2024-07-15 11:34:13,672 INFO     Reading boundary conditions 73 745
2024-07-15 11:34:13,672 INFO     Reading boundary conditions 74 745
2024-07-15 11:34:13,672 INFO     Reading boundary conditions 75 745
2024-07-15 11:34:13,672 INFO     Reading boundary conditions 76 745
2024-07-15 11:34:13,672 INFO     Reading boundary conditions 77 745
2024-07-15 11:34:13,672 INFO     Reading boundary conditions 78 745
2024-07-15 11:34:13,672 INFO     Reading boundary conditions 79 745
2024-07-15 11:34:13,672 INFO     Reading boundary conditions 80 745
2024-07-15 11:34:13,672 INFO     Reading boundary conditions 81 745
2024-07-15 11:34:13,672 INFO     Reading boundary conditions 82 745
2024-07-15 11:34:13,672 INFO     Reading boundary conditions 83 745
2024-07-15 11:34:13,672 INFO     Reading boundary conditions 84 745
2024-07-15 11:34:13,672 INFO     Reading boundary conditions 85 745
2024-07-15 11:34:13,672 INFO     Reading boundary conditions 86 745
2024-07-15 11:34:13,672 INFO     Reading boundary conditions 87 745
2024-07-15 11:34:13,672 INFO     Reading boundary conditions 88 745
2024-07-15 11:34:13,672 INFO     Reading boundary conditions 89 745
2024-07-15 11:34:13,672 INFO     Reading boundary conditions 90 745
2024-07-15 11:34:13,672 INFO     Reading boundary conditions 91 745
2024-07-15 11:34:13,672 INFO     Reading boundary conditions 92 745
2024-07-15 11:34:13,672 INFO     Reading boundary conditions 93 745
2024-07-15 11:34:13,672 INFO     Reading boundary conditions 94 745
2024-07-15 11:34:13,672 INFO     Reading boundary conditions 95 745
2024-07-15 11:34:13,672 INFO     Reading boundary conditions 96 745
2024-07-15 11:34:13,672 INFO     Reading boundary conditions 97 745
2024-07-15 11:34:13,672 INFO     Reading boundary conditions 98 745
2024-07-15 11:34:13,672 INFO     Reading boundary conditions 99 745
2024-07-15 11:34:13,672 INFO     Reading boundary conditions 100 745
2024-07-15 11:34:13,672 INFO     Reading boundary conditions 101 745
2024-07-15 11:34:13,672 INFO     Reading boundary conditions 102 745
2024-07-15 11:34:13,672 INFO     Reading boundary conditions 103 745
2024-07-15 11:34:13,672 INFO     Reading boundary conditions 104 745
2024-07-15 11:34:13,672 INFO     Reading boundary conditions 105 745
2024-07-15 11:34:13,672 INFO     Reading boundary conditions 106 745
2024-07-15 11:34:13,672 INFO     Reading boundary conditions 107 745
2024-07-15 11:34:13,672 INFO     Reading boundary conditions 108 745
2024-07-15 11:34:13,672 INFO     Reading boundary conditions 109 745
2024-07-15 11:34:13,672 INFO     Reading boundary conditions 110 745
2024-07-15 11:34:13,672 INFO     Reading boundary conditions 111 745
2024-07-15 11:34:13,672 INFO     Reading boundary conditions 112 745
2024-07-15 11:34:13,672 INFO     Reading boundary conditions 113 745
2024-07-15 11:34:13,672 INFO     Reading boundary conditions 114 745
2024-07-15 11:34:13,672 INFO     Reading boundary conditions 115 745
2024-07-15 11:34:13,672 INFO     Reading boundary conditions 116 745
2024-07-15 11:34:13,672 INFO     Reading boundary conditions 117 745
2024-07-15 11:34:13,672 INFO     Reading boundary conditions 118 745
2024-07-15 11:34:13,672 INFO     Reading boundary conditions 119 745
2024-07-15 11:34:13,672 INFO     Reading boundary conditions 120 745
2024-07-15 11:34:13,672 INFO     Reading boundary conditions 121 745
2024-07-15 11:34:13,672 INFO     Reading boundary conditions 122 745
2024-07-15 11:34:13,672 INFO     Reading boundary conditions 123 745
2024-07-15 11:34:13,672 INFO     Reading boundary conditions 124 745
2024-07-15 11:34:13,672 INFO     Reading boundary conditions 125 745
2024-07-15 11:34:13,672 INFO     Reading boundary conditions 126 745
2024-07-15 11:34:13,672 INFO     Reading boundary conditions 127 745
2024-07-15 11:34:13,672 INFO     Reading boundary conditions 128 745
2024-07-15 11:34:13,672 INFO     Reading boundary conditions 129 745
2024-07-15 11:34:13,672 INFO     Reading boundary conditions 130 745
2024-07-15 11:34:13,672 INFO     Reading boundary conditions 131 745
2024-07-15 11:34:13,672 INFO     Reading boundary conditions 132 745
2024-07-15 11:34:13,672 INFO     Reading boundary conditions 133 745
2024-07-15 11:34:13,672 INFO     Reading boundary conditions 134 745
2024-07-15 11:34:13,672 INFO     Reading boundary conditions 135 745
2024-07-15 11:34:13,672 INFO     Reading boundary conditions 136 745
2024-07-15 11:34:13,672 INFO     Reading boundary conditions 137 745
2024-07-15 11:34:13,672 INFO     Reading boundary conditions 138 745
2024-07-15 11:34:13,672 INFO     Reading boundary conditions 139 745
2024-07-15 11:34:13,672 INFO     Reading boundary conditions 140 745
2024-07-15 11:34:13,672 INFO     Reading boundary conditions 141 745
2024-07-15 11:34:13,672 INFO     Reading boundary conditions 142 745
2024-07-15 11:34:13,672 INFO     Reading boundary conditions 143 745
2024-07-15 11:34:13,672 INFO     Reading boundary conditions 144 745
2024-07-15 11:34:13,672 INFO     Reading boundary conditions 145 745
2024-07-15 11:34:13,672 INFO     Reading boundary conditions 146 745
2024-07-15 11:34:13,672 INFO     Reading boundary conditions 147 745
2024-07-15 11:34:13,672 INFO     Reading boundary conditions 148 745
2024-07-15 11:34:13,672 INFO     Reading boundary conditions 149 745
2024-07-15 11:34:13,672 INFO     Reading boundary conditions 150 745
2024-07-15 11:34:13,672 INFO     Reading boundary conditions 151 745
2024-07-15 11:34:13,672 INFO     Reading boundary conditions 152 745
2024-07-15 11:34:13,672 INFO     Reading boundary conditions 153 745
2024-07-15 11:34:13,672 INFO     Reading boundary conditions 154 745
2024-07-15 11:34:13,672 INFO     Reading boundary conditions 155 745
2024-07-15 11:34:13,672 INFO     Reading boundary conditions 156 745
2024-07-15 11:34:13,672 INFO     Reading boundary conditions 157 745
2024-07-15 11:34:13,672 INFO     Reading boundary conditions 158 745
2024-07-15 11:34:13,672 INFO     Reading boundary conditions 159 745
2024-07-15 11:34:13,672 INFO     Reading boundary conditions 160 745
2024-07-15 11:34:13,672 INFO     Reading boundary conditions 161 745
2024-07-15 11:34:13,672 INFO     Reading boundary conditions 162 745
2024-07-15 11:34:13,672 INFO     Reading boundary conditions 163 745
2024-07-15 11:34:13,672 INFO     Reading boundary conditions 164 745
2024-07-15 11:34:13,672 INFO     Reading boundary conditions 165 745
2024-07-15 11:34:13,672 INFO     Reading boundary conditions 166 745
2024-07-15 11:34:13,672 INFO     Reading boundary conditions 167 745
2024-07-15 11:34:13,672 INFO     Reading boundary conditions 168 745
2024-07-15 11:34:13,672 INFO     Reading boundary conditions 169 745
2024-07-15 11:34:13,672 INFO     Reading boundary conditions 170 745
2024-07-15 11:34:13,672 INFO     Reading boundary conditions 171 745
2024-07-15 11:34:13,672 INFO     Reading boundary conditions 172 745
2024-07-15 11:34:13,672 INFO     Reading boundary conditions 173 745
2024-07-15 11:34:13,672 INFO     Reading boundary conditions 174 745
2024-07-15 11:34:13,672 INFO     Reading boundary conditions 175 745
2024-07-15 11:34:13,672 INFO     Reading boundary conditions 176 745
2024-07-15 11:34:13,672 INFO     Reading boundary conditions 177 745
2024-07-15 11:34:13,672 INFO     Reading boundary conditions 178 745
2024-07-15 11:34:13,672 INFO     Reading boundary conditions 179 745
2024-07-15 11:34:13,672 INFO     Reading boundary conditions 180 745
2024-07-15 11:34:13,672 INFO     Reading boundary conditions 181 745
2024-07-15 11:34:13,672 INFO     Reading boundary conditions 182 745
2024-07-15 11:34:13,672 INFO     Reading boundary conditions 183 745
2024-07-15 11:34:13,672 INFO     Reading boundary conditions 184 745
2024-07-15 11:34:13,672 INFO     Reading boundary conditions 185 745
2024-07-15 11:34:13,672 INFO     Reading boundary conditions 186 745
2024-07-15 11:34:13,672 INFO     Reading boundary conditions 187 745
2024-07-15 11:34:13,672 INFO     Reading boundary conditions 188 745
2024-07-15 11:34:13,672 INFO     Reading boundary conditions 189 745
2024-07-15 11:34:13,672 INFO     Reading boundary conditions 190 745
2024-07-15 11:34:13,672 INFO     Reading boundary conditions 191 745
2024-07-15 11:34:13,672 INFO     Reading boundary conditions 192 745
2024-07-15 11:34:13,672 INFO     Reading boundary conditions 193 745
2024-07-15 11:34:13,672 INFO     Reading boundary conditions 194 745
2024-07-15 11:34:13,672 INFO     Reading boundary conditions 195 745
2024-07-15 11:34:13,672 INFO     Reading boundary conditions 196 745
2024-07-15 11:34:13,672 INFO     Reading boundary conditions 197 745
2024-07-15 11:34:13,672 INFO     Reading boundary conditions 198 745
2024-07-15 11:34:13,672 INFO     Reading boundary conditions 199 745
2024-07-15 11:34:13,672 INFO     Reading boundary conditions 200 745
2024-07-15 11:34:13,672 INFO     Reading boundary conditions 201 745
2024-07-15 11:34:13,672 INFO     Reading boundary conditions 202 745
2024-07-15 11:34:13,672 INFO     Reading boundary conditions 203 745
2024-07-15 11:34:13,672 INFO     Reading boundary conditions 204 745
2024-07-15 11:34:13,672 INFO     Reading boundary conditions 205 745
2024-07-15 11:34:13,672 INFO     Reading boundary conditions 206 745
2024-07-15 11:34:13,672 INFO     Reading boundary conditions 207 745
2024-07-15 11:34:13,672 INFO     Reading boundary conditions 208 745
2024-07-15 11:34:13,672 INFO     Reading boundary conditions 209 745
2024-07-15 11:34:13,672 INFO     Reading boundary conditions 210 745
2024-07-15 11:34:13,672 INFO     Reading boundary conditions 211 745
2024-07-15 11:34:13,672 INFO     Reading boundary conditions 212 745
2024-07-15 11:34:13,672 INFO     Reading boundary conditions 213 745
2024-07-15 11:34:13,672 INFO     Reading boundary conditions 214 745
2024-07-15 11:34:13,672 INFO     Reading boundary conditions 215 745
2024-07-15 11:34:13,672 INFO     Reading boundary conditions 216 745
2024-07-15 11:34:13,672 INFO     Reading boundary conditions 217 745
2024-07-15 11:34:13,672 INFO     Reading boundary conditions 218 745
2024-07-15 11:34:13,672 INFO     Reading boundary conditions 219 745
2024-07-15 11:34:13,672 INFO     Reading boundary conditions 220 745
2024-07-15 11:34:13,672 INFO     Reading boundary conditions 221 745
2024-07-15 11:34:13,672 INFO     Reading boundary conditions 222 745
2024-07-15 11:34:13,672 INFO     Reading boundary conditions 223 745
2024-07-15 11:34:13,672 INFO     Reading boundary conditions 224 745
2024-07-15 11:34:13,672 INFO     Reading boundary conditions 225 745
2024-07-15 11:34:13,672 INFO     Reading boundary conditions 226 745
2024-07-15 11:34:13,672 INFO     Reading boundary conditions 227 745
2024-07-15 11:34:13,672 INFO     Reading boundary conditions 228 745
2024-07-15 11:34:13,672 INFO     Reading boundary conditions 229 745
2024-07-15 11:34:13,672 INFO     Reading boundary conditions 230 745
2024-07-15 11:34:13,672 INFO     Reading boundary conditions 231 745
2024-07-15 11:34:13,672 INFO     Reading boundary conditions 232 745
2024-07-15 11:34:13,672 INFO     Reading boundary conditions 233 745
2024-07-15 11:34:13,672 INFO     Reading boundary conditions 234 745
2024-07-15 11:34:13,672 INFO     Reading boundary conditions 235 745
2024-07-15 11:34:13,672 INFO     Reading boundary conditions 236 745
2024-07-15 11:34:13,672 INFO     Reading boundary conditions 237 745
2024-07-15 11:34:13,672 INFO     Reading boundary conditions 238 745
2024-07-15 11:34:13,672 INFO     Reading boundary conditions 239 745
2024-07-15 11:34:13,672 INFO     Reading boundary conditions 240 745
2024-07-15 11:34:13,672 INFO     Reading boundary conditions 241 745
2024-07-15 11:34:13,672 INFO     Reading boundary conditions 242 745
2024-07-15 11:34:13,672 INFO     Reading boundary conditions 243 745
2024-07-15 11:34:13,672 INFO     Reading boundary conditions 244 745
2024-07-15 11:34:13,672 INFO     Reading boundary conditions 245 745
2024-07-15 11:34:13,672 INFO     Reading boundary conditions 246 745
2024-07-15 11:34:13,672 INFO     Reading boundary conditions 247 745
2024-07-15 11:34:13,672 INFO     Reading boundary conditions 248 745
2024-07-15 11:34:13,672 INFO     Reading boundary conditions 249 745
2024-07-15 11:34:13,672 INFO     Reading boundary conditions 250 745
2024-07-15 11:34:13,672 INFO     Reading boundary conditions 251 745
2024-07-15 11:34:13,672 INFO     Reading boundary conditions 252 745
2024-07-15 11:34:13,672 INFO     Reading boundary conditions 253 745
2024-07-15 11:34:13,672 INFO     Reading boundary conditions 254 745
2024-07-15 11:34:13,672 INFO     Reading boundary conditions 255 745
2024-07-15 11:34:13,672 INFO     Reading boundary conditions 256 745
2024-07-15 11:34:13,672 INFO     Reading boundary conditions 257 745
2024-07-15 11:34:13,672 INFO     Reading boundary conditions 258 745
2024-07-15 11:34:13,672 INFO     Reading boundary conditions 259 745
2024-07-15 11:34:13,672 INFO     Reading boundary conditions 260 745
2024-07-15 11:34:13,672 INFO     Reading boundary conditions 261 745
2024-07-15 11:34:13,672 INFO     Reading boundary conditions 262 745
2024-07-15 11:34:13,672 INFO     Reading boundary conditions 263 745
2024-07-15 11:34:13,672 INFO     Reading boundary conditions 264 745
2024-07-15 11:34:13,672 INFO     Reading boundary conditions 265 745
2024-07-15 11:34:13,672 INFO     Reading boundary conditions 266 745
2024-07-15 11:34:13,672 INFO     Reading boundary conditions 267 745
2024-07-15 11:34:13,672 INFO     Reading boundary conditions 268 745
2024-07-15 11:34:13,672 INFO     Reading boundary conditions 269 745
2024-07-15 11:34:13,672 INFO     Reading boundary conditions 270 745
2024-07-15 11:34:13,672 INFO     Reading boundary conditions 271 745
2024-07-15 11:34:13,672 INFO     Reading boundary conditions 272 745
2024-07-15 11:34:13,672 INFO     Reading boundary conditions 273 745
2024-07-15 11:34:13,672 INFO     Reading boundary conditions 274 745
2024-07-15 11:34:13,672 INFO     Reading boundary conditions 275 745
2024-07-15 11:34:13,672 INFO     Reading boundary conditions 276 745
2024-07-15 11:34:13,672 INFO     Reading boundary conditions 277 745
2024-07-15 11:34:13,672 INFO     Reading boundary conditions 278 745
2024-07-15 11:34:13,672 INFO     Reading boundary conditions 279 745
2024-07-15 11:34:13,672 INFO     Reading boundary conditions 280 745
2024-07-15 11:34:13,672 INFO     Reading boundary conditions 281 745
2024-07-15 11:34:13,672 INFO     Reading boundary conditions 282 745
2024-07-15 11:34:13,672 INFO     Reading boundary conditions 283 745
2024-07-15 11:34:13,672 INFO     Reading boundary conditions 284 745
2024-07-15 11:34:13,672 INFO     Reading boundary conditions 285 745
2024-07-15 11:34:13,672 INFO     Reading boundary conditions 286 745
2024-07-15 11:34:13,672 INFO     Reading boundary conditions 287 745
2024-07-15 11:34:13,672 INFO     Reading boundary conditions 288 745
2024-07-15 11:34:13,672 INFO     Reading boundary conditions 289 745
2024-07-15 11:34:13,672 INFO     Reading boundary conditions 290 745
2024-07-15 11:34:13,672 INFO     Reading boundary conditions 291 745
2024-07-15 11:34:13,672 INFO     Reading boundary conditions 292 745
2024-07-15 11:34:13,672 INFO     Reading boundary conditions 293 745
2024-07-15 11:34:13,672 INFO     Reading boundary conditions 294 745
2024-07-15 11:34:13,679 INFO     Reading boundary conditions 295 745
2024-07-15 11:34:13,679 INFO     Reading boundary conditions 296 745
2024-07-15 11:34:13,679 INFO     Reading boundary conditions 297 745
2024-07-15 11:34:13,679 INFO     Reading boundary conditions 298 745
2024-07-15 11:34:13,679 INFO     Reading boundary conditions 299 745
2024-07-15 11:34:13,679 INFO     Reading boundary conditions 300 745
2024-07-15 11:34:13,679 INFO     Reading boundary conditions 301 745
2024-07-15 11:34:13,679 INFO     Reading boundary conditions 302 745
2024-07-15 11:34:13,679 INFO     Reading boundary conditions 303 745
2024-07-15 11:34:13,679 INFO     Reading boundary conditions 304 745
2024-07-15 11:34:13,679 INFO     Reading boundary conditions 305 745
2024-07-15 11:34:13,679 INFO     Reading boundary conditions 306 745
2024-07-15 11:34:13,679 INFO     Reading boundary conditions 307 745
2024-07-15 11:34:13,679 INFO     Reading boundary conditions 308 745
2024-07-15 11:34:13,679 INFO     Reading boundary conditions 309 745
2024-07-15 11:34:13,679 INFO     Reading boundary conditions 310 745
2024-07-15 11:34:13,679 INFO     Reading boundary conditions 311 745
2024-07-15 11:34:13,679 INFO     Reading boundary conditions 312 745
2024-07-15 11:34:13,679 INFO     Reading boundary conditions 313 745
2024-07-15 11:34:13,679 INFO     Reading boundary conditions 314 745
2024-07-15 11:34:13,679 INFO     Reading boundary conditions 315 745
2024-07-15 11:34:13,679 INFO     Reading boundary conditions 316 745
2024-07-15 11:34:13,679 INFO     Reading boundary conditions 317 745
2024-07-15 11:34:13,679 INFO     Reading boundary conditions 318 745
2024-07-15 11:34:13,679 INFO     Reading boundary conditions 319 745
2024-07-15 11:34:13,679 INFO     Reading boundary conditions 320 745
2024-07-15 11:34:13,679 INFO     Reading boundary conditions 321 745
2024-07-15 11:34:13,679 INFO     Reading boundary conditions 322 745
2024-07-15 11:34:13,679 INFO     Reading boundary conditions 323 745
2024-07-15 11:34:13,679 INFO     Reading boundary conditions 324 745
2024-07-15 11:34:13,679 INFO     Reading boundary conditions 325 745
2024-07-15 11:34:13,679 INFO     Reading boundary conditions 326 745
2024-07-15 11:34:13,679 INFO     Reading boundary conditions 327 745
2024-07-15 11:34:13,679 INFO     Reading boundary conditions 328 745
2024-07-15 11:34:13,679 INFO     Reading boundary conditions 329 745
2024-07-15 11:34:13,679 INFO     Reading boundary conditions 330 745
2024-07-15 11:34:13,679 INFO     Reading boundary conditions 331 745
2024-07-15 11:34:13,679 INFO     Reading boundary conditions 332 745
2024-07-15 11:34:13,679 INFO     Reading boundary conditions 333 745
2024-07-15 11:34:13,679 INFO     Reading boundary conditions 334 745
2024-07-15 11:34:13,679 INFO     Reading boundary conditions 335 745
2024-07-15 11:34:13,679 INFO     Reading boundary conditions 336 745
2024-07-15 11:34:13,679 INFO     Reading boundary conditions 337 745
2024-07-15 11:34:13,680 INFO     Reading boundary conditions 338 745
2024-07-15 11:34:13,680 INFO     Reading boundary conditions 339 745
2024-07-15 11:34:13,680 INFO     Reading boundary conditions 340 745
2024-07-15 11:34:13,680 INFO     Reading boundary conditions 341 745
2024-07-15 11:34:13,680 INFO     Reading boundary conditions 342 745
2024-07-15 11:34:13,680 INFO     Reading boundary conditions 343 745
2024-07-15 11:34:13,680 INFO     Reading boundary conditions 344 745
2024-07-15 11:34:13,680 INFO     Reading boundary conditions 345 745
2024-07-15 11:34:13,680 INFO     Reading boundary conditions 346 745
2024-07-15 11:34:13,680 INFO     Reading boundary conditions 347 745
2024-07-15 11:34:13,680 INFO     Reading boundary conditions 348 745
2024-07-15 11:34:13,680 INFO     Reading boundary conditions 349 745
2024-07-15 11:34:13,680 INFO     Reading boundary conditions 350 745
2024-07-15 11:34:13,680 INFO     Reading boundary conditions 351 745
2024-07-15 11:34:13,680 INFO     Reading boundary conditions 352 745
2024-07-15 11:34:13,680 INFO     Reading boundary conditions 353 745
2024-07-15 11:34:13,680 INFO     Reading boundary conditions 354 745
2024-07-15 11:34:13,680 INFO     Reading boundary conditions 355 745
2024-07-15 11:34:13,680 INFO     Reading boundary conditions 356 745
2024-07-15 11:34:13,680 INFO     Reading boundary conditions 357 745
2024-07-15 11:34:13,680 INFO     Reading boundary conditions 358 745
2024-07-15 11:34:13,680 INFO     Reading boundary conditions 359 745
2024-07-15 11:34:13,680 INFO     Reading boundary conditions 360 745
2024-07-15 11:34:13,680 INFO     Reading boundary conditions 361 745
2024-07-15 11:34:13,680 INFO     Reading boundary conditions 362 745
2024-07-15 11:34:13,680 INFO     Reading boundary conditions 363 745
2024-07-15 11:34:13,680 INFO     Reading boundary conditions 364 745
2024-07-15 11:34:13,680 INFO     Reading boundary conditions 365 745
2024-07-15 11:34:13,680 INFO     Reading boundary conditions 366 745
2024-07-15 11:34:13,680 INFO     Reading boundary conditions 367 745
2024-07-15 11:34:13,680 INFO     Reading boundary conditions 368 745
2024-07-15 11:34:13,680 INFO     Reading boundary conditions 369 745
2024-07-15 11:34:13,681 INFO     Reading boundary conditions 370 745
2024-07-15 11:34:13,681 INFO     Reading boundary conditions 371 745
2024-07-15 11:34:13,681 INFO     Reading boundary conditions 372 745
2024-07-15 11:34:13,681 INFO     Reading boundary conditions 373 745
2024-07-15 11:34:13,681 INFO     Reading boundary conditions 374 745
2024-07-15 11:34:13,681 INFO     Reading boundary conditions 375 745
2024-07-15 11:34:13,681 INFO     Reading boundary conditions 376 745
2024-07-15 11:34:13,681 INFO     Reading boundary conditions 377 745
2024-07-15 11:34:13,681 INFO     Reading boundary conditions 378 745
2024-07-15 11:34:13,681 INFO     Reading boundary conditions 379 745
2024-07-15 11:34:13,681 INFO     Reading boundary conditions 380 745
2024-07-15 11:34:13,681 INFO     Reading boundary conditions 381 745
2024-07-15 11:34:13,681 INFO     Reading boundary conditions 382 745
2024-07-15 11:34:13,681 INFO     Reading boundary conditions 383 745
2024-07-15 11:34:13,681 INFO     Reading boundary conditions 384 745
2024-07-15 11:34:13,681 INFO     Reading boundary conditions 385 745
2024-07-15 11:34:13,681 INFO     Reading boundary conditions 386 745
2024-07-15 11:34:13,681 INFO     Reading boundary conditions 387 745
2024-07-15 11:34:13,681 INFO     Reading boundary conditions 388 745
2024-07-15 11:34:13,681 INFO     Reading boundary conditions 389 745
2024-07-15 11:34:13,681 INFO     Reading boundary conditions 390 745
2024-07-15 11:34:13,681 INFO     Reading boundary conditions 391 745
2024-07-15 11:34:13,681 INFO     Reading boundary conditions 392 745
2024-07-15 11:34:13,681 INFO     Reading boundary conditions 393 745
2024-07-15 11:34:13,681 INFO     Reading boundary conditions 394 745
2024-07-15 11:34:13,681 INFO     Reading boundary conditions 395 745
2024-07-15 11:34:13,681 INFO     Reading boundary conditions 396 745
2024-07-15 11:34:13,681 INFO     Reading boundary conditions 397 745
2024-07-15 11:34:13,681 INFO     Reading boundary conditions 398 745
2024-07-15 11:34:13,681 INFO     Reading boundary conditions 399 745
2024-07-15 11:34:13,681 INFO     Reading boundary conditions 400 745
2024-07-15 11:34:13,681 INFO     Reading boundary conditions 401 745
2024-07-15 11:34:13,681 INFO     Reading boundary conditions 402 745
2024-07-15 11:34:13,681 INFO     Reading boundary conditions 403 745
2024-07-15 11:34:13,682 INFO     Reading boundary conditions 404 745
2024-07-15 11:34:13,682 INFO     Reading boundary conditions 405 745
2024-07-15 11:34:13,682 INFO     Reading boundary conditions 406 745
2024-07-15 11:34:13,682 INFO     Reading boundary conditions 407 745
2024-07-15 11:34:13,682 INFO     Reading boundary conditions 408 745
2024-07-15 11:34:13,682 INFO     Reading boundary conditions 409 745
2024-07-15 11:34:13,682 INFO     Reading boundary conditions 410 745
2024-07-15 11:34:13,682 INFO     Reading boundary conditions 411 745
2024-07-15 11:34:13,682 INFO     Reading boundary conditions 412 745
2024-07-15 11:34:13,682 INFO     Reading boundary conditions 413 745
2024-07-15 11:34:13,682 INFO     Reading boundary conditions 414 745
2024-07-15 11:34:13,682 INFO     Reading boundary conditions 415 745
2024-07-15 11:34:13,682 INFO     Reading boundary conditions 416 745
2024-07-15 11:34:13,682 INFO     Reading boundary conditions 417 745
2024-07-15 11:34:13,682 INFO     Reading boundary conditions 418 745
2024-07-15 11:34:13,682 INFO     Reading boundary conditions 419 745
2024-07-15 11:34:13,682 INFO     Reading boundary conditions 420 745
2024-07-15 11:34:13,682 INFO     Reading boundary conditions 421 745
2024-07-15 11:34:13,682 INFO     Reading boundary conditions 422 745
2024-07-15 11:34:13,683 INFO     Reading boundary conditions 423 745
2024-07-15 11:34:13,683 INFO     Reading boundary conditions 424 745
2024-07-15 11:34:13,683 INFO     Reading boundary conditions 425 745
2024-07-15 11:34:13,683 INFO     Reading boundary conditions 426 745
2024-07-15 11:34:13,683 INFO     Reading boundary conditions 427 745
2024-07-15 11:34:13,683 INFO     Reading boundary conditions 428 745
2024-07-15 11:34:13,683 INFO     Reading boundary conditions 429 745
2024-07-15 11:34:13,683 INFO     Reading boundary conditions 430 745
2024-07-15 11:34:13,683 INFO     Reading boundary conditions 431 745
2024-07-15 11:34:13,683 INFO     Reading boundary conditions 432 745
2024-07-15 11:34:13,683 INFO     Reading boundary conditions 433 745
2024-07-15 11:34:13,683 INFO     Reading boundary conditions 434 745
2024-07-15 11:34:13,683 INFO     Reading boundary conditions 435 745
2024-07-15 11:34:13,683 INFO     Reading boundary conditions 436 745
2024-07-15 11:34:13,683 INFO     Reading boundary conditions 437 745
2024-07-15 11:34:13,684 INFO     Reading boundary conditions 438 745
2024-07-15 11:34:13,684 INFO     Reading boundary conditions 439 745
2024-07-15 11:34:13,684 INFO     Reading boundary conditions 440 745
2024-07-15 11:34:13,684 INFO     Reading boundary conditions 441 745
2024-07-15 11:34:13,684 INFO     Reading boundary conditions 442 745
2024-07-15 11:34:13,684 INFO     Reading boundary conditions 443 745
2024-07-15 11:34:13,684 INFO     Reading boundary conditions 444 745
2024-07-15 11:34:13,684 INFO     Reading boundary conditions 445 745
2024-07-15 11:34:13,684 INFO     Reading boundary conditions 446 745
2024-07-15 11:34:13,684 INFO     Reading boundary conditions 447 745
2024-07-15 11:34:13,684 INFO     Reading boundary conditions 448 745
2024-07-15 11:34:13,684 INFO     Reading boundary conditions 449 745
2024-07-15 11:34:13,684 INFO     Reading boundary conditions 450 745
2024-07-15 11:34:13,684 INFO     Reading boundary conditions 451 745
2024-07-15 11:34:13,684 INFO     Reading boundary conditions 452 745
2024-07-15 11:34:13,685 INFO     Reading boundary conditions 453 745
2024-07-15 11:34:13,685 INFO     Reading boundary conditions 454 745
2024-07-15 11:34:13,685 INFO     Reading boundary conditions 455 745
2024-07-15 11:34:13,685 INFO     Reading boundary conditions 456 745
2024-07-15 11:34:13,685 INFO     Reading boundary conditions 457 745
2024-07-15 11:34:13,685 INFO     Reading boundary conditions 458 745
2024-07-15 11:34:13,685 INFO     Reading boundary conditions 459 745
2024-07-15 11:34:13,685 INFO     Reading boundary conditions 460 745
2024-07-15 11:34:13,685 INFO     Reading boundary conditions 461 745
2024-07-15 11:34:13,685 INFO     Reading boundary conditions 462 745
2024-07-15 11:34:13,685 INFO     Reading boundary conditions 463 745
2024-07-15 11:34:13,685 INFO     Reading boundary conditions 464 745
2024-07-15 11:34:13,685 INFO     Reading boundary conditions 465 745
2024-07-15 11:34:13,685 INFO     Reading boundary conditions 466 745
2024-07-15 11:34:13,685 INFO     Reading boundary conditions 467 745
2024-07-15 11:34:13,685 INFO     Reading boundary conditions 468 745
2024-07-15 11:34:13,686 INFO     Reading boundary conditions 469 745
2024-07-15 11:34:13,686 INFO     Reading boundary conditions 470 745
2024-07-15 11:34:13,686 INFO     Reading boundary conditions 471 745
2024-07-15 11:34:13,686 INFO     Reading boundary conditions 472 745
2024-07-15 11:34:13,686 INFO     Reading boundary conditions 473 745
2024-07-15 11:34:13,686 INFO     Reading boundary conditions 474 745
2024-07-15 11:34:13,686 INFO     Reading boundary conditions 475 745
2024-07-15 11:34:13,686 INFO     Reading boundary conditions 476 745
2024-07-15 11:34:13,686 INFO     Reading boundary conditions 477 745
2024-07-15 11:34:13,686 INFO     Reading boundary conditions 478 745
2024-07-15 11:34:13,686 INFO     Reading boundary conditions 479 745
2024-07-15 11:34:13,686 INFO     Reading boundary conditions 480 745
2024-07-15 11:34:13,686 INFO     Reading boundary conditions 481 745
2024-07-15 11:34:13,686 INFO     Reading boundary conditions 482 745
2024-07-15 11:34:13,686 INFO     Reading boundary conditions 483 745
2024-07-15 11:34:13,687 INFO     Reading boundary conditions 484 745
2024-07-15 11:34:13,687 INFO     Reading boundary conditions 485 745
2024-07-15 11:34:13,687 INFO     Reading boundary conditions 486 745
2024-07-15 11:34:13,687 INFO     Reading boundary conditions 487 745
2024-07-15 11:34:13,687 INFO     Reading boundary conditions 488 745
2024-07-15 11:34:13,687 INFO     Reading boundary conditions 489 745
2024-07-15 11:34:13,687 INFO     Reading boundary conditions 490 745
2024-07-15 11:34:13,687 INFO     Reading boundary conditions 491 745
2024-07-15 11:34:13,687 INFO     Reading boundary conditions 492 745
2024-07-15 11:34:13,687 INFO     Reading boundary conditions 493 745
2024-07-15 11:34:13,687 INFO     Reading boundary conditions 494 745
2024-07-15 11:34:13,687 INFO     Reading boundary conditions 495 745
2024-07-15 11:34:13,687 INFO     Reading boundary conditions 496 745
2024-07-15 11:34:13,687 INFO     Reading boundary conditions 497 745
2024-07-15 11:34:13,688 INFO     Reading boundary conditions 498 745
2024-07-15 11:34:13,688 INFO     Reading boundary conditions 499 745
2024-07-15 11:34:13,688 INFO     Reading boundary conditions 500 745
2024-07-15 11:34:13,688 INFO     Reading boundary conditions 501 745
2024-07-15 11:34:13,688 INFO     Reading boundary conditions 502 745
2024-07-15 11:34:13,688 INFO     Reading boundary conditions 503 745
2024-07-15 11:34:13,688 INFO     Reading boundary conditions 504 745
2024-07-15 11:34:13,688 INFO     Reading boundary conditions 505 745
2024-07-15 11:34:13,688 INFO     Reading boundary conditions 506 745
2024-07-15 11:34:13,688 INFO     Reading boundary conditions 507 745
2024-07-15 11:34:13,688 INFO     Reading boundary conditions 508 745
2024-07-15 11:34:13,688 INFO     Reading boundary conditions 509 745
2024-07-15 11:34:13,688 INFO     Reading boundary conditions 510 745
2024-07-15 11:34:13,688 INFO     Reading boundary conditions 511 745
2024-07-15 11:34:13,688 INFO     Reading boundary conditions 512 745
2024-07-15 11:34:13,689 INFO     Reading boundary conditions 513 745
2024-07-15 11:34:13,689 INFO     Reading boundary conditions 514 745
2024-07-15 11:34:13,689 INFO     Reading boundary conditions 515 745
2024-07-15 11:34:13,689 INFO     Reading boundary conditions 516 745
2024-07-15 11:34:13,689 INFO     Reading boundary conditions 517 745
2024-07-15 11:34:13,689 INFO     Reading boundary conditions 518 745
2024-07-15 11:34:13,689 INFO     Reading boundary conditions 519 745
2024-07-15 11:34:13,689 INFO     Reading boundary conditions 520 745
2024-07-15 11:34:13,689 INFO     Reading boundary conditions 521 745
2024-07-15 11:34:13,689 INFO     Reading boundary conditions 522 745
2024-07-15 11:34:13,689 INFO     Reading boundary conditions 523 745
2024-07-15 11:34:13,689 INFO     Reading boundary conditions 524 745
2024-07-15 11:34:13,689 INFO     Reading boundary conditions 525 745
2024-07-15 11:34:13,689 INFO     Reading boundary conditions 526 745
2024-07-15 11:34:13,689 INFO     Reading boundary conditions 527 745
2024-07-15 11:34:13,690 INFO     Reading boundary conditions 528 745
2024-07-15 11:34:13,690 INFO     Reading boundary conditions 529 745
2024-07-15 11:34:13,690 INFO     Reading boundary conditions 530 745
2024-07-15 11:34:13,690 INFO     Reading boundary conditions 531 745
2024-07-15 11:34:13,690 INFO     Reading boundary conditions 532 745
2024-07-15 11:34:13,690 INFO     Reading boundary conditions 533 745
2024-07-15 11:34:13,690 INFO     Reading boundary conditions 534 745
2024-07-15 11:34:13,690 INFO     Reading boundary conditions 535 745
2024-07-15 11:34:13,690 INFO     Reading boundary conditions 536 745
2024-07-15 11:34:13,690 INFO     Reading boundary conditions 537 745
2024-07-15 11:34:13,690 INFO     Reading boundary conditions 538 745
2024-07-15 11:34:13,690 INFO     Reading boundary conditions 539 745
2024-07-15 11:34:13,690 INFO     Reading boundary conditions 540 745
2024-07-15 11:34:13,690 INFO     Reading boundary conditions 541 745
2024-07-15 11:34:13,690 INFO     Reading boundary conditions 542 745
2024-07-15 11:34:13,690 INFO     Reading boundary conditions 543 745
2024-07-15 11:34:13,690 INFO     Reading boundary conditions 544 745
2024-07-15 11:34:13,690 INFO     Reading boundary conditions 545 745
2024-07-15 11:34:13,690 INFO     Reading boundary conditions 546 745
2024-07-15 11:34:13,690 INFO     Reading boundary conditions 547 745
2024-07-15 11:34:13,690 INFO     Reading boundary conditions 548 745
2024-07-15 11:34:13,690 INFO     Reading boundary conditions 549 745
2024-07-15 11:34:13,690 INFO     Reading boundary conditions 550 745
2024-07-15 11:34:13,690 INFO     Reading boundary conditions 551 745
2024-07-15 11:34:13,690 INFO     Reading boundary conditions 552 745
2024-07-15 11:34:13,690 INFO     Reading boundary conditions 553 745
2024-07-15 11:34:13,690 INFO     Reading boundary conditions 554 745
2024-07-15 11:34:13,690 INFO     Reading boundary conditions 555 745
2024-07-15 11:34:13,690 INFO     Reading boundary conditions 556 745
2024-07-15 11:34:13,690 INFO     Reading boundary conditions 557 745
2024-07-15 11:34:13,690 INFO     Reading boundary conditions 558 745
2024-07-15 11:34:13,690 INFO     Reading boundary conditions 559 745
2024-07-15 11:34:13,690 INFO     Reading boundary conditions 560 745
2024-07-15 11:34:13,690 INFO     Reading boundary conditions 561 745
2024-07-15 11:34:13,690 INFO     Reading boundary conditions 562 745
2024-07-15 11:34:13,690 INFO     Reading boundary conditions 563 745
2024-07-15 11:34:13,690 INFO     Reading boundary conditions 564 745
2024-07-15 11:34:13,690 INFO     Reading boundary conditions 565 745
2024-07-15 11:34:13,690 INFO     Reading boundary conditions 566 745
2024-07-15 11:34:13,690 INFO     Reading boundary conditions 567 745
2024-07-15 11:34:13,690 INFO     Reading boundary conditions 568 745
2024-07-15 11:34:13,690 INFO     Reading boundary conditions 569 745
2024-07-15 11:34:13,690 INFO     Reading boundary conditions 570 745
2024-07-15 11:34:13,690 INFO     Reading boundary conditions 571 745
2024-07-15 11:34:13,690 INFO     Reading boundary conditions 572 745
2024-07-15 11:34:13,690 INFO     Reading boundary conditions 573 745
2024-07-15 11:34:13,690 INFO     Reading boundary conditions 574 745
2024-07-15 11:34:13,690 INFO     Reading boundary conditions 575 745
2024-07-15 11:34:13,690 INFO     Reading boundary conditions 576 745
2024-07-15 11:34:13,690 INFO     Reading boundary conditions 577 745
2024-07-15 11:34:13,690 INFO     Reading boundary conditions 578 745
2024-07-15 11:34:13,690 INFO     Reading boundary conditions 579 745
2024-07-15 11:34:13,690 INFO     Reading boundary conditions 580 745
2024-07-15 11:34:13,690 INFO     Reading boundary conditions 581 745
2024-07-15 11:34:13,690 INFO     Reading boundary conditions 582 745
2024-07-15 11:34:13,690 INFO     Reading boundary conditions 583 745
2024-07-15 11:34:13,690 INFO     Reading boundary conditions 584 745
2024-07-15 11:34:13,690 INFO     Reading boundary conditions 585 745
2024-07-15 11:34:13,690 INFO     Reading boundary conditions 586 745
2024-07-15 11:34:13,690 INFO     Reading boundary conditions 587 745
2024-07-15 11:34:13,690 INFO     Reading boundary conditions 588 745
2024-07-15 11:34:13,690 INFO     Reading boundary conditions 589 745
2024-07-15 11:34:13,690 INFO     Reading boundary conditions 590 745
2024-07-15 11:34:13,690 INFO     Reading boundary conditions 591 745
2024-07-15 11:34:13,690 INFO     Reading boundary conditions 592 745
2024-07-15 11:34:13,690 INFO     Reading boundary conditions 593 745
2024-07-15 11:34:13,690 INFO     Reading boundary conditions 594 745
2024-07-15 11:34:13,690 INFO     Reading boundary conditions 595 745
2024-07-15 11:34:13,690 INFO     Reading boundary conditions 596 745
2024-07-15 11:34:13,690 INFO     Reading boundary conditions 597 745
2024-07-15 11:34:13,690 INFO     Reading boundary conditions 598 745
2024-07-15 11:34:13,690 INFO     Reading boundary conditions 599 745
2024-07-15 11:34:13,690 INFO     Reading boundary conditions 600 745
2024-07-15 11:34:13,690 INFO     Reading boundary conditions 601 745
2024-07-15 11:34:13,690 INFO     Reading boundary conditions 602 745
2024-07-15 11:34:13,690 INFO     Reading boundary conditions 603 745
2024-07-15 11:34:13,690 INFO     Reading boundary conditions 604 745
2024-07-15 11:34:13,690 INFO     Reading boundary conditions 605 745
2024-07-15 11:34:13,690 INFO     Reading boundary conditions 606 745
2024-07-15 11:34:13,690 INFO     Reading boundary conditions 607 745
2024-07-15 11:34:13,690 INFO     Reading boundary conditions 608 745
2024-07-15 11:34:13,690 INFO     Reading boundary conditions 609 745
2024-07-15 11:34:13,690 INFO     Reading boundary conditions 610 745
2024-07-15 11:34:13,690 INFO     Reading boundary conditions 611 745
2024-07-15 11:34:13,690 INFO     Reading boundary conditions 612 745
2024-07-15 11:34:13,690 INFO     Reading boundary conditions 613 745
2024-07-15 11:34:13,690 INFO     Reading boundary conditions 614 745
2024-07-15 11:34:13,690 INFO     Reading boundary conditions 615 745
2024-07-15 11:34:13,690 INFO     Reading boundary conditions 616 745
2024-07-15 11:34:13,690 INFO     Reading boundary conditions 617 745
2024-07-15 11:34:13,690 INFO     Reading boundary conditions 618 745
2024-07-15 11:34:13,690 INFO     Reading boundary conditions 619 745
2024-07-15 11:34:13,690 INFO     Reading boundary conditions 620 745
2024-07-15 11:34:13,690 INFO     Reading boundary conditions 621 745
2024-07-15 11:34:13,690 INFO     Reading boundary conditions 622 745
2024-07-15 11:34:13,690 INFO     Reading boundary conditions 623 745
2024-07-15 11:34:13,690 INFO     Reading boundary conditions 624 745
2024-07-15 11:34:13,690 INFO     Reading boundary conditions 625 745
2024-07-15 11:34:13,690 INFO     Reading boundary conditions 626 745
2024-07-15 11:34:13,690 INFO     Reading boundary conditions 627 745
2024-07-15 11:34:13,690 INFO     Reading boundary conditions 628 745
2024-07-15 11:34:13,690 INFO     Reading boundary conditions 629 745
2024-07-15 11:34:13,690 INFO     Reading boundary conditions 630 745
2024-07-15 11:34:13,690 INFO     Reading boundary conditions 631 745
2024-07-15 11:34:13,690 INFO     Reading boundary conditions 632 745
2024-07-15 11:34:13,690 INFO     Reading boundary conditions 633 745
2024-07-15 11:34:13,690 INFO     Reading boundary conditions 634 745
2024-07-15 11:34:13,690 INFO     Reading boundary conditions 635 745
2024-07-15 11:34:13,690 INFO     Reading boundary conditions 636 745
2024-07-15 11:34:13,690 INFO     Reading boundary conditions 637 745
2024-07-15 11:34:13,690 INFO     Reading boundary conditions 638 745
2024-07-15 11:34:13,690 INFO     Reading boundary conditions 639 745
2024-07-15 11:34:13,690 INFO     Reading boundary conditions 640 745
2024-07-15 11:34:13,690 INFO     Reading boundary conditions 641 745
2024-07-15 11:34:13,690 INFO     Reading boundary conditions 642 745
2024-07-15 11:34:13,690 INFO     Reading boundary conditions 643 745
2024-07-15 11:34:13,690 INFO     Reading boundary conditions 644 745
2024-07-15 11:34:13,690 INFO     Reading boundary conditions 645 745
2024-07-15 11:34:13,690 INFO     Reading boundary conditions 646 745
2024-07-15 11:34:13,690 INFO     Reading boundary conditions 647 745
2024-07-15 11:34:13,690 INFO     Reading boundary conditions 648 745
2024-07-15 11:34:13,690 INFO     Reading boundary conditions 649 745
2024-07-15 11:34:13,690 INFO     Reading boundary conditions 650 745
2024-07-15 11:34:13,690 INFO     Reading boundary conditions 651 745
2024-07-15 11:34:13,690 INFO     Reading boundary conditions 652 745
2024-07-15 11:34:13,690 INFO     Reading boundary conditions 653 745
2024-07-15 11:34:13,690 INFO     Reading boundary conditions 654 745
2024-07-15 11:34:13,690 INFO     Reading boundary conditions 655 745
2024-07-15 11:34:13,690 INFO     Reading boundary conditions 656 745
2024-07-15 11:34:13,690 INFO     Reading boundary conditions 657 745
2024-07-15 11:34:13,690 INFO     Reading boundary conditions 658 745
2024-07-15 11:34:13,690 INFO     Reading boundary conditions 659 745
2024-07-15 11:34:13,690 INFO     Reading boundary conditions 660 745
2024-07-15 11:34:13,690 INFO     Reading boundary conditions 661 745
2024-07-15 11:34:13,690 INFO     Reading boundary conditions 662 745
2024-07-15 11:34:13,690 INFO     Reading boundary conditions 663 745
2024-07-15 11:34:13,690 INFO     Reading boundary conditions 664 745
2024-07-15 11:34:13,690 INFO     Reading boundary conditions 665 745
2024-07-15 11:34:13,690 INFO     Reading boundary conditions 666 745
2024-07-15 11:34:13,690 INFO     Reading boundary conditions 667 745
2024-07-15 11:34:13,690 INFO     Reading boundary conditions 668 745
2024-07-15 11:34:13,690 INFO     Reading boundary conditions 669 745
2024-07-15 11:34:13,690 INFO     Reading boundary conditions 670 745
2024-07-15 11:34:13,690 INFO     Reading boundary conditions 671 745
2024-07-15 11:34:13,690 INFO     Reading boundary conditions 672 745
2024-07-15 11:34:13,690 INFO     Reading boundary conditions 673 745
2024-07-15 11:34:13,690 INFO     Reading boundary conditions 674 745
2024-07-15 11:34:13,690 INFO     Reading boundary conditions 675 745
2024-07-15 11:34:13,690 INFO     Reading boundary conditions 676 745
2024-07-15 11:34:13,690 INFO     Reading boundary conditions 677 745
2024-07-15 11:34:13,690 INFO     Reading boundary conditions 678 745
2024-07-15 11:34:13,690 INFO     Reading boundary conditions 679 745
2024-07-15 11:34:13,690 INFO     Reading boundary conditions 680 745
2024-07-15 11:34:13,690 INFO     Reading boundary conditions 681 745
2024-07-15 11:34:13,690 INFO     Reading boundary conditions 682 745
2024-07-15 11:34:13,690 INFO     Reading boundary conditions 683 745
2024-07-15 11:34:13,690 INFO     Reading boundary conditions 684 745
2024-07-15 11:34:13,690 INFO     Reading boundary conditions 685 745
2024-07-15 11:34:13,690 INFO     Reading boundary conditions 686 745
2024-07-15 11:34:13,690 INFO     Reading boundary conditions 687 745
2024-07-15 11:34:13,690 INFO     Reading boundary conditions 688 745
2024-07-15 11:34:13,690 INFO     Reading boundary conditions 689 745
2024-07-15 11:34:13,690 INFO     Reading boundary conditions 690 745
2024-07-15 11:34:13,690 INFO     Reading boundary conditions 691 745
2024-07-15 11:34:13,690 INFO     Reading boundary conditions 692 745
2024-07-15 11:34:13,690 INFO     Reading boundary conditions 693 745
2024-07-15 11:34:13,690 INFO     Reading boundary conditions 694 745
2024-07-15 11:34:13,690 INFO     Reading boundary conditions 695 745
2024-07-15 11:34:13,690 INFO     Reading boundary conditions 696 745
2024-07-15 11:34:13,690 INFO     Reading boundary conditions 697 745
2024-07-15 11:34:13,690 INFO     Reading boundary conditions 698 745
2024-07-15 11:34:13,690 INFO     Reading boundary conditions 699 745
2024-07-15 11:34:13,690 INFO     Reading boundary conditions 700 745
2024-07-15 11:34:13,690 INFO     Reading boundary conditions 701 745
2024-07-15 11:34:13,690 INFO     Reading boundary conditions 702 745
2024-07-15 11:34:13,690 INFO     Reading boundary conditions 703 745
2024-07-15 11:34:13,690 INFO     Reading boundary conditions 704 745
2024-07-15 11:34:13,690 INFO     Reading boundary conditions 705 745
2024-07-15 11:34:13,690 INFO     Reading boundary conditions 706 745
2024-07-15 11:34:13,690 INFO     Reading boundary conditions 707 745
2024-07-15 11:34:13,690 INFO     Reading boundary conditions 708 745
2024-07-15 11:34:13,690 INFO     Reading boundary conditions 709 745
2024-07-15 11:34:13,690 INFO     Reading boundary conditions 710 745
2024-07-15 11:34:13,690 INFO     Reading boundary conditions 711 745
2024-07-15 11:34:13,690 INFO     Reading boundary conditions 712 745
2024-07-15 11:34:13,690 INFO     Reading boundary conditions 713 745
2024-07-15 11:34:13,690 INFO     Reading boundary conditions 714 745
2024-07-15 11:34:13,690 INFO     Reading boundary conditions 715 745
2024-07-15 11:34:13,690 INFO     Reading boundary conditions 716 745
2024-07-15 11:34:13,690 INFO     Reading boundary conditions 717 745
2024-07-15 11:34:13,690 INFO     Reading boundary conditions 718 745
2024-07-15 11:34:13,690 INFO     Reading boundary conditions 719 745
2024-07-15 11:34:13,690 INFO     Reading boundary conditions 720 745
2024-07-15 11:34:13,690 INFO     Reading boundary conditions 721 745
2024-07-15 11:34:13,690 INFO     Reading boundary conditions 722 745
2024-07-15 11:34:13,690 INFO     Reading boundary conditions 723 745
2024-07-15 11:34:13,690 INFO     Reading boundary conditions 724 745
2024-07-15 11:34:13,690 INFO     Reading boundary conditions 725 745
2024-07-15 11:34:13,690 INFO     Reading boundary conditions 726 745
2024-07-15 11:34:13,690 INFO     Reading boundary conditions 727 745
2024-07-15 11:34:13,690 INFO     Reading boundary conditions 728 745
2024-07-15 11:34:13,690 INFO     Reading boundary conditions 729 745
2024-07-15 11:34:13,690 INFO     Reading boundary conditions 730 745
2024-07-15 11:34:13,690 INFO     Reading boundary conditions 731 745
2024-07-15 11:34:13,690 INFO     Reading boundary conditions 732 745
2024-07-15 11:34:13,690 INFO     Reading boundary conditions 733 745
2024-07-15 11:34:13,690 INFO     Reading boundary conditions 734 745
2024-07-15 11:34:13,690 INFO     Reading boundary conditions 735 745
2024-07-15 11:34:13,690 INFO     Reading boundary conditions 736 745
2024-07-15 11:34:13,690 INFO     Reading boundary conditions 737 745
2024-07-15 11:34:13,690 INFO     Reading boundary conditions 738 745
2024-07-15 11:34:13,690 INFO     Reading boundary conditions 739 745
2024-07-15 11:34:13,690 INFO     Reading boundary conditions 740 745
2024-07-15 11:34:13,690 INFO     Reading boundary conditions 741 745
2024-07-15 11:34:13,690 INFO     Reading boundary conditions 742 745
2024-07-15 11:34:13,690 INFO     Reading boundary conditions 743 745
2024-07-15 11:34:13,690 INFO     Reading boundary conditions 744 745
2024-07-15 11:34:13,690 INFO     Reading boundary conditions 745 745
2024-07-15 11:34:13,754 ERROR    Error: Traceback (most recent call last):
  File "C:\Users\RIPHAWK\anaconda3\envs\py3810\lib\site-packages\heatsource9\BigRedButton.py", line 279, in run
    HSP = ModelControl(model_dir, control_file, 0)
  File "C:\Users\RIPHAWK\anaconda3\envs\py3810\lib\site-packages\heatsource9\BigRedButton.py", line 99, in __init__
    self.HS = ModelSetup(model_dir, control_file, run_type)
  File "C:\Users\RIPHAWK\anaconda3\envs\py3810\lib\site-packages\heatsource9\ModelSetup\ModelSetup.py", line 82, in __init__
    self.build_nodes()
  File "C:\Users\RIPHAWK\anaconda3\envs\py3810\lib\site-packages\heatsource9\ModelSetup\ModelSetup.py", line 629, in build_nodes
    data = self.get_columnar_data()
  File "C:\Users\RIPHAWK\anaconda3\envs\py3810\lib\site-packages\heatsource9\ModelSetup\ModelSetup.py", line 589, in get_columnar_data
    morphdata = self.inputs.import_morph(return_list=False)
  File "C:\Users\RIPHAWK\anaconda3\envs\py3810\lib\site-packages\heatsource9\ModelSetup\Inputs.py", line 540, in import_morph
    return self.read_to_dict(IniParams["inputdir"],
  File "C:\Users\RIPHAWK\anaconda3\envs\py3810\lib\site-packages\heatsource9\ModelSetup\Inputs.py", line 742, in read_csv_to_dict
    if v.strip() in ['', None]:
AttributeError: 'list' object has no attribute 'strip'

